2019-11-23 00:19:49,171 INFO org.springframework.web.servlet.FrameworkServlet [localhost-startStop-1] Initializing Servlet 'dispatcher'
2019-11-23 00:19:49,639 INFO org.springframework.data.repository.config.RepositoryConfigurationDelegate [localhost-startStop-1] Bootstrapping Spring Data repositories in DEFAULT mode.
2019-11-23 00:19:49,772 INFO org.springframework.data.repository.config.RepositoryConfigurationDelegate [localhost-startStop-1] Finished Spring Data repository scanning in 107ms. Found 7 repository interfaces.
2019-11-23 00:19:50,158 INFO org.hibernate.jpa.internal.util.LogHelper [localhost-startStop-1] HHH000204: Processing PersistenceUnitInfo [
	name: default
	...]
2019-11-23 00:19:50,274 INFO org.hibernate.Version [localhost-startStop-1] HHH000412: Hibernate Core {5.3.6.Final}
2019-11-23 00:19:50,277 INFO org.hibernate.cfg.Environment [localhost-startStop-1] HHH000206: hibernate.properties not found
2019-11-23 00:19:50,496 INFO org.hibernate.annotations.common.reflection.java.JavaReflectionManager [localhost-startStop-1] HCANN000001: Hibernate Commons Annotations {5.0.4.Final}
2019-11-23 00:19:50,943 INFO org.hibernate.dialect.Dialect [localhost-startStop-1] HHH000400: Using dialect: org.hibernate.dialect.MySQL5Dialect
2019-11-23 00:19:52,684 INFO org.hibernate.tool.schema.internal.SchemaCreatorImpl [localhost-startStop-1] HHH000476: Executing import script 'org.hibernate.tool.schema.internal.exec.ScriptSourceInputNonExistentImpl@3cabcdfd'
2019-11-23 00:19:52,697 INFO org.springframework.orm.jpa.AbstractEntityManagerFactoryBean [localhost-startStop-1] Initialized JPA EntityManagerFactory for persistence unit 'default'
2019-11-23 00:19:53,509 INFO com.example.sportsbetting.service.SportsBettingService [localhost-startStop-1] SportsBettingService is initializing.
2019-11-23 00:19:54,018 INFO org.springframework.web.servlet.FrameworkServlet [localhost-startStop-1] Completed initialization in 4838 ms
2019-11-23 00:20:01,206 INFO org.hibernate.hql.internal.QueryTranslatorFactoryInitiator [http-bio-8080-exec-9] HHH000397: Using ASTQueryTranslatorFactory
2019-11-23 00:20:09,040 INFO com.example.sportsbetting.service.SportsBettingService [http-bio-8080-exec-1] Wager saved for player:aw
2019-11-23 00:20:24,544 INFO com.example.sportsbetting.service.SportsBettingService [http-bio-8080-exec-1] Wager saved for player:aw
2019-11-23 00:20:43,029 INFO com.example.sportsbetting.service.SportsBettingService [http-bio-8080-exec-7] Wager saved for player:aw
2019-11-23 00:20:46,383 INFO com.example.sportsbetting.service.SportsBettingService [http-bio-8080-exec-1] Wager saved for player:aw
2019-11-23 01:00:34,549 INFO org.springframework.web.servlet.FrameworkServlet [localhost-startStop-1] Initializing Servlet 'dispatcher'
2019-11-23 01:00:34,994 INFO org.springframework.data.repository.config.RepositoryConfigurationDelegate [localhost-startStop-1] Bootstrapping Spring Data repositories in DEFAULT mode.
2019-11-23 01:00:35,109 INFO org.springframework.data.repository.config.RepositoryConfigurationDelegate [localhost-startStop-1] Finished Spring Data repository scanning in 95ms. Found 7 repository interfaces.
2019-11-23 01:00:35,527 INFO org.hibernate.jpa.internal.util.LogHelper [localhost-startStop-1] HHH000204: Processing PersistenceUnitInfo [
	name: default
	...]
2019-11-23 01:00:35,643 INFO org.hibernate.Version [localhost-startStop-1] HHH000412: Hibernate Core {5.3.6.Final}
2019-11-23 01:00:35,646 INFO org.hibernate.cfg.Environment [localhost-startStop-1] HHH000206: hibernate.properties not found
2019-11-23 01:00:35,864 INFO org.hibernate.annotations.common.reflection.java.JavaReflectionManager [localhost-startStop-1] HCANN000001: Hibernate Commons Annotations {5.0.4.Final}
2019-11-23 01:00:36,320 INFO org.hibernate.dialect.Dialect [localhost-startStop-1] HHH000400: Using dialect: org.hibernate.dialect.MySQL5Dialect
2019-11-23 01:00:37,925 INFO org.hibernate.tool.schema.internal.SchemaCreatorImpl [localhost-startStop-1] HHH000476: Executing import script 'org.hibernate.tool.schema.internal.exec.ScriptSourceInputNonExistentImpl@caed1ad'
2019-11-23 01:00:37,937 INFO org.springframework.orm.jpa.AbstractEntityManagerFactoryBean [localhost-startStop-1] Initialized JPA EntityManagerFactory for persistence unit 'default'
2019-11-23 01:00:38,717 INFO com.example.sportsbetting.service.SportsBettingService [localhost-startStop-1] SportsBettingService is initializing.
2019-11-23 01:00:39,241 INFO org.springframework.web.servlet.FrameworkServlet [localhost-startStop-1] Completed initialization in 4688 ms
2019-11-23 01:01:20,207 WARN org.springframework.web.servlet.DispatcherServlet [http-bio-8080-exec-3] No mapping for GET /favicon.ico
2019-11-23 01:01:38,301 INFO org.hibernate.hql.internal.QueryTranslatorFactoryInitiator [http-bio-8080-exec-9] HHH000397: Using ASTQueryTranslatorFactory
2019-11-23 01:05:09,292 INFO com.example.sportsbetting.service.SportsBettingService [http-bio-8080-exec-6] Wager saved for player:Bence Róthúőáű
2019-11-23 01:05:12,234 INFO com.example.sportsbetting.service.SportsBettingService [http-bio-8080-exec-11] Wager saved for player:Bence Róthúőáű
2019-11-23 01:05:16,133 INFO com.example.sportsbetting.service.SportsBettingService [http-bio-8080-exec-12] Wager saved for player:Bence Róthúőáű
2019-11-23 01:05:20,435 INFO com.example.sportsbetting.service.SportsBettingService [http-bio-8080-exec-9] Wager saved for player:Bence Róthúőáű
2019-11-23 01:05:24,555 INFO com.example.sportsbetting.service.SportsBettingService [http-bio-8080-exec-6] Wager saved for player:Bence Róthúőáű
2019-11-23 01:06:26,298 INFO com.example.sportsbetting.service.SportsBettingService [http-bio-8080-exec-7] Wager saved for player:Bence Róthúőáű
2019-11-23 01:06:30,392 INFO com.example.sportsbetting.service.SportsBettingService [http-bio-8080-exec-1] Wager saved for player:Bence Róthúőáű
2019-11-23 01:06:34,389 INFO com.example.sportsbetting.service.SportsBettingService [http-bio-8080-exec-17] Wager saved for player:Bence Róthúőáű
2019-11-23 01:06:37,946 INFO com.example.sportsbetting.service.SportsBettingService [http-bio-8080-exec-12] Wager saved for player:Bence Róthúőáű
2019-11-23 01:06:41,885 INFO com.example.sportsbetting.service.SportsBettingService [http-bio-8080-exec-14] Wager saved for player:Bence Róthúőáű
2019-11-23 01:06:58,853 INFO com.example.sportsbetting.service.SportsBettingService [http-bio-8080-exec-2] Wager saved for player:Bence Róthúőáű
2019-11-23 01:07:06,312 INFO com.example.sportsbetting.service.SportsBettingService [http-bio-8080-exec-18] Wager saved for player:Bence Róthúőáű
2019-11-23 01:07:12,453 INFO com.example.sportsbetting.service.SportsBettingService [http-bio-8080-exec-2] Wager saved for player:Bence Róthúőáű
2019-11-23 01:22:26,634 INFO org.springframework.web.servlet.FrameworkServlet [localhost-startStop-1] Initializing Servlet 'dispatcher'
2019-11-23 01:22:27,120 INFO org.springframework.data.repository.config.RepositoryConfigurationDelegate [localhost-startStop-1] Bootstrapping Spring Data repositories in DEFAULT mode.
2019-11-23 01:22:27,232 INFO org.springframework.data.repository.config.RepositoryConfigurationDelegate [localhost-startStop-1] Finished Spring Data repository scanning in 96ms. Found 7 repository interfaces.
2019-11-23 01:22:27,647 INFO org.hibernate.jpa.internal.util.LogHelper [localhost-startStop-1] HHH000204: Processing PersistenceUnitInfo [
	name: default
	...]
2019-11-23 01:22:27,789 INFO org.hibernate.Version [localhost-startStop-1] HHH000412: Hibernate Core {5.3.6.Final}
2019-11-23 01:22:27,791 INFO org.hibernate.cfg.Environment [localhost-startStop-1] HHH000206: hibernate.properties not found
2019-11-23 01:22:28,010 INFO org.hibernate.annotations.common.reflection.java.JavaReflectionManager [localhost-startStop-1] HCANN000001: Hibernate Commons Annotations {5.0.4.Final}
2019-11-23 01:22:28,489 INFO org.hibernate.dialect.Dialect [localhost-startStop-1] HHH000400: Using dialect: org.hibernate.dialect.MySQL5Dialect
2019-11-23 01:22:30,174 INFO org.hibernate.tool.schema.internal.SchemaCreatorImpl [localhost-startStop-1] HHH000476: Executing import script 'org.hibernate.tool.schema.internal.exec.ScriptSourceInputNonExistentImpl@1e0e5b9d'
2019-11-23 01:22:30,187 INFO org.springframework.orm.jpa.AbstractEntityManagerFactoryBean [localhost-startStop-1] Initialized JPA EntityManagerFactory for persistence unit 'default'
2019-11-23 01:22:30,984 INFO com.example.sportsbetting.service.SportsBettingService [localhost-startStop-1] SportsBettingService is initializing.
2019-11-23 01:22:31,535 INFO org.springframework.web.servlet.FrameworkServlet [localhost-startStop-1] Completed initialization in 4896 ms
2019-11-23 01:24:34,917 INFO org.hibernate.hql.internal.QueryTranslatorFactoryInitiator [http-bio-8080-exec-5] HHH000397: Using ASTQueryTranslatorFactory
2019-11-23 01:24:40,732 INFO com.example.sportsbetting.service.SportsBettingService [http-bio-8080-exec-1] Wager saved for player:awdawd
2019-11-23 01:24:59,954 WARN org.springframework.web.servlet.handler.AbstractHandlerExceptionResolver [http-bio-8080-exec-3] Resolved [org.springframework.web.method.annotation.MethodArgumentTypeMismatchException: Failed to convert value of type 'java.lang.String' to required type 'int'; nested exception is java.lang.NumberFormatException: For input string: "aa"]
2019-11-23 01:25:11,051 WARN org.springframework.web.servlet.handler.AbstractHandlerExceptionResolver [http-bio-8080-exec-7] Resolved [org.springframework.web.method.annotation.MethodArgumentTypeMismatchException: Failed to convert value of type 'java.lang.String' to required type 'int'; nested exception is java.lang.NumberFormatException: For input string: "aa"]
2019-11-23 01:25:47,050 INFO org.springframework.web.servlet.FrameworkServlet [localhost-startStop-1] Initializing Servlet 'dispatcher'
2019-11-23 01:25:47,540 INFO org.springframework.data.repository.config.RepositoryConfigurationDelegate [localhost-startStop-1] Bootstrapping Spring Data repositories in DEFAULT mode.
2019-11-23 01:25:47,658 INFO org.springframework.data.repository.config.RepositoryConfigurationDelegate [localhost-startStop-1] Finished Spring Data repository scanning in 96ms. Found 7 repository interfaces.
2019-11-23 01:25:48,069 INFO org.hibernate.jpa.internal.util.LogHelper [localhost-startStop-1] HHH000204: Processing PersistenceUnitInfo [
	name: default
	...]
2019-11-23 01:25:48,179 INFO org.hibernate.Version [localhost-startStop-1] HHH000412: Hibernate Core {5.3.6.Final}
2019-11-23 01:25:48,181 INFO org.hibernate.cfg.Environment [localhost-startStop-1] HHH000206: hibernate.properties not found
2019-11-23 01:25:48,423 INFO org.hibernate.annotations.common.reflection.java.JavaReflectionManager [localhost-startStop-1] HCANN000001: Hibernate Commons Annotations {5.0.4.Final}
2019-11-23 01:25:48,882 INFO org.hibernate.dialect.Dialect [localhost-startStop-1] HHH000400: Using dialect: org.hibernate.dialect.MySQL5Dialect
2019-11-23 01:25:50,693 INFO org.hibernate.tool.schema.internal.SchemaCreatorImpl [localhost-startStop-1] HHH000476: Executing import script 'org.hibernate.tool.schema.internal.exec.ScriptSourceInputNonExistentImpl@31a1ad22'
2019-11-23 01:25:50,705 INFO org.springframework.orm.jpa.AbstractEntityManagerFactoryBean [localhost-startStop-1] Initialized JPA EntityManagerFactory for persistence unit 'default'
2019-11-23 01:25:51,505 INFO com.example.sportsbetting.service.SportsBettingService [localhost-startStop-1] SportsBettingService is initializing.
2019-11-23 01:25:52,018 INFO org.springframework.web.servlet.FrameworkServlet [localhost-startStop-1] Completed initialization in 4963 ms
2019-11-23 01:25:52,218 WARN org.springframework.web.servlet.handler.AbstractHandlerExceptionResolver [http-bio-8080-exec-1] Resolved [org.springframework.web.method.annotation.MethodArgumentTypeMismatchException: Failed to convert value of type 'java.lang.String' to required type 'int'; nested exception is java.lang.NumberFormatException: For input string: "aa"]
2019-11-23 01:25:55,401 WARN org.springframework.web.servlet.handler.AbstractHandlerExceptionResolver [http-bio-8080-exec-2] Resolved [org.springframework.web.method.annotation.MethodArgumentTypeMismatchException: Failed to convert value of type 'java.lang.String' to required type 'int'; nested exception is java.lang.NumberFormatException: For input string: "aa"]
2019-11-23 01:25:56,087 WARN org.springframework.web.servlet.handler.AbstractHandlerExceptionResolver [http-bio-8080-exec-3] Resolved [org.springframework.web.method.annotation.MethodArgumentTypeMismatchException: Failed to convert value of type 'java.lang.String' to required type 'int'; nested exception is java.lang.NumberFormatException: For input string: "aa"]
2019-11-23 01:25:56,345 WARN org.springframework.web.servlet.handler.AbstractHandlerExceptionResolver [http-bio-8080-exec-4] Resolved [org.springframework.web.method.annotation.MethodArgumentTypeMismatchException: Failed to convert value of type 'java.lang.String' to required type 'int'; nested exception is java.lang.NumberFormatException: For input string: "aa"]
2019-11-23 01:25:56,580 WARN org.springframework.web.servlet.handler.AbstractHandlerExceptionResolver [http-bio-8080-exec-5] Resolved [org.springframework.web.method.annotation.MethodArgumentTypeMismatchException: Failed to convert value of type 'java.lang.String' to required type 'int'; nested exception is java.lang.NumberFormatException: For input string: "aa"]
2019-11-23 01:25:56,815 WARN org.springframework.web.servlet.handler.AbstractHandlerExceptionResolver [http-bio-8080-exec-6] Resolved [org.springframework.web.method.annotation.MethodArgumentTypeMismatchException: Failed to convert value of type 'java.lang.String' to required type 'int'; nested exception is java.lang.NumberFormatException: For input string: "aa"]
2019-11-23 01:25:56,994 WARN org.springframework.web.servlet.handler.AbstractHandlerExceptionResolver [http-bio-8080-exec-7] Resolved [org.springframework.web.method.annotation.MethodArgumentTypeMismatchException: Failed to convert value of type 'java.lang.String' to required type 'int'; nested exception is java.lang.NumberFormatException: For input string: "aa"]
2019-11-23 01:25:57,287 WARN org.springframework.web.servlet.handler.AbstractHandlerExceptionResolver [http-bio-8080-exec-8] Resolved [org.springframework.web.method.annotation.MethodArgumentTypeMismatchException: Failed to convert value of type 'java.lang.String' to required type 'int'; nested exception is java.lang.NumberFormatException: For input string: "aa"]
2019-11-23 01:25:57,530 WARN org.springframework.web.servlet.handler.AbstractHandlerExceptionResolver [http-bio-8080-exec-9] Resolved [org.springframework.web.method.annotation.MethodArgumentTypeMismatchException: Failed to convert value of type 'java.lang.String' to required type 'int'; nested exception is java.lang.NumberFormatException: For input string: "aa"]
2019-11-23 01:25:57,825 WARN org.springframework.web.servlet.handler.AbstractHandlerExceptionResolver [http-bio-8080-exec-10] Resolved [org.springframework.web.method.annotation.MethodArgumentTypeMismatchException: Failed to convert value of type 'java.lang.String' to required type 'int'; nested exception is java.lang.NumberFormatException: For input string: "aa"]
2019-11-23 01:25:58,124 WARN org.springframework.web.servlet.handler.AbstractHandlerExceptionResolver [http-bio-8080-exec-1] Resolved [org.springframework.web.method.annotation.MethodArgumentTypeMismatchException: Failed to convert value of type 'java.lang.String' to required type 'int'; nested exception is java.lang.NumberFormatException: For input string: "aa"]
2019-11-23 01:25:58,482 WARN org.springframework.web.servlet.handler.AbstractHandlerExceptionResolver [http-bio-8080-exec-2] Resolved [org.springframework.web.method.annotation.MethodArgumentTypeMismatchException: Failed to convert value of type 'java.lang.String' to required type 'int'; nested exception is java.lang.NumberFormatException: For input string: "aa"]
2019-11-23 01:25:58,687 WARN org.springframework.web.servlet.handler.AbstractHandlerExceptionResolver [http-bio-8080-exec-3] Resolved [org.springframework.web.method.annotation.MethodArgumentTypeMismatchException: Failed to convert value of type 'java.lang.String' to required type 'int'; nested exception is java.lang.NumberFormatException: For input string: "aa"]
2019-11-23 01:25:58,865 WARN org.springframework.web.servlet.handler.AbstractHandlerExceptionResolver [http-bio-8080-exec-4] Resolved [org.springframework.web.method.annotation.MethodArgumentTypeMismatchException: Failed to convert value of type 'java.lang.String' to required type 'int'; nested exception is java.lang.NumberFormatException: For input string: "aa"]
2019-11-23 01:25:59,061 WARN org.springframework.web.servlet.handler.AbstractHandlerExceptionResolver [http-bio-8080-exec-5] Resolved [org.springframework.web.method.annotation.MethodArgumentTypeMismatchException: Failed to convert value of type 'java.lang.String' to required type 'int'; nested exception is java.lang.NumberFormatException: For input string: "aa"]
2019-11-23 01:25:59,277 WARN org.springframework.web.servlet.handler.AbstractHandlerExceptionResolver [http-bio-8080-exec-6] Resolved [org.springframework.web.method.annotation.MethodArgumentTypeMismatchException: Failed to convert value of type 'java.lang.String' to required type 'int'; nested exception is java.lang.NumberFormatException: For input string: "aa"]
2019-11-23 01:25:59,535 WARN org.springframework.web.servlet.handler.AbstractHandlerExceptionResolver [http-bio-8080-exec-7] Resolved [org.springframework.web.method.annotation.MethodArgumentTypeMismatchException: Failed to convert value of type 'java.lang.String' to required type 'int'; nested exception is java.lang.NumberFormatException: For input string: "aa"]
2019-11-23 01:28:53,639 INFO org.springframework.web.servlet.FrameworkServlet [localhost-startStop-1] Initializing Servlet 'dispatcher'
2019-11-23 01:28:54,088 INFO org.springframework.data.repository.config.RepositoryConfigurationDelegate [localhost-startStop-1] Bootstrapping Spring Data repositories in DEFAULT mode.
2019-11-23 01:28:54,200 INFO org.springframework.data.repository.config.RepositoryConfigurationDelegate [localhost-startStop-1] Finished Spring Data repository scanning in 92ms. Found 7 repository interfaces.
2019-11-23 01:28:54,606 INFO org.hibernate.jpa.internal.util.LogHelper [localhost-startStop-1] HHH000204: Processing PersistenceUnitInfo [
	name: default
	...]
2019-11-23 01:28:54,725 INFO org.hibernate.Version [localhost-startStop-1] HHH000412: Hibernate Core {5.3.6.Final}
2019-11-23 01:28:54,727 INFO org.hibernate.cfg.Environment [localhost-startStop-1] HHH000206: hibernate.properties not found
2019-11-23 01:28:54,943 INFO org.hibernate.annotations.common.reflection.java.JavaReflectionManager [localhost-startStop-1] HCANN000001: Hibernate Commons Annotations {5.0.4.Final}
2019-11-23 01:28:55,373 INFO org.hibernate.dialect.Dialect [localhost-startStop-1] HHH000400: Using dialect: org.hibernate.dialect.MySQL5Dialect
2019-11-23 01:28:57,032 INFO org.hibernate.tool.schema.internal.SchemaCreatorImpl [localhost-startStop-1] HHH000476: Executing import script 'org.hibernate.tool.schema.internal.exec.ScriptSourceInputNonExistentImpl@29dfc0c1'
2019-11-23 01:28:57,045 INFO org.springframework.orm.jpa.AbstractEntityManagerFactoryBean [localhost-startStop-1] Initialized JPA EntityManagerFactory for persistence unit 'default'
2019-11-23 01:28:57,847 INFO com.example.sportsbetting.service.SportsBettingService [localhost-startStop-1] SportsBettingService is initializing.
2019-11-23 01:28:58,380 INFO org.springframework.web.servlet.FrameworkServlet [localhost-startStop-1] Completed initialization in 4737 ms
2019-11-23 01:29:04,853 INFO org.hibernate.hql.internal.QueryTranslatorFactoryInitiator [http-bio-8080-exec-9] HHH000397: Using ASTQueryTranslatorFactory
2019-11-23 01:29:20,694 INFO com.example.sportsbetting.service.SportsBettingService [http-bio-8080-exec-9] Wager saved for player:awdawd
2019-11-23 01:31:56,616 INFO org.springframework.web.servlet.FrameworkServlet [localhost-startStop-1] Initializing Servlet 'dispatcher'
2019-11-23 01:31:57,124 INFO org.springframework.data.repository.config.RepositoryConfigurationDelegate [localhost-startStop-1] Bootstrapping Spring Data repositories in DEFAULT mode.
2019-11-23 01:31:57,235 INFO org.springframework.data.repository.config.RepositoryConfigurationDelegate [localhost-startStop-1] Finished Spring Data repository scanning in 91ms. Found 7 repository interfaces.
2019-11-23 01:31:57,641 INFO org.hibernate.jpa.internal.util.LogHelper [localhost-startStop-1] HHH000204: Processing PersistenceUnitInfo [
	name: default
	...]
2019-11-23 01:31:57,755 INFO org.hibernate.Version [localhost-startStop-1] HHH000412: Hibernate Core {5.3.6.Final}
2019-11-23 01:31:57,757 INFO org.hibernate.cfg.Environment [localhost-startStop-1] HHH000206: hibernate.properties not found
2019-11-23 01:31:57,980 INFO org.hibernate.annotations.common.reflection.java.JavaReflectionManager [localhost-startStop-1] HCANN000001: Hibernate Commons Annotations {5.0.4.Final}
2019-11-23 01:31:58,445 INFO org.hibernate.dialect.Dialect [localhost-startStop-1] HHH000400: Using dialect: org.hibernate.dialect.MySQL5Dialect
2019-11-23 01:32:00,128 INFO org.hibernate.tool.schema.internal.SchemaCreatorImpl [localhost-startStop-1] HHH000476: Executing import script 'org.hibernate.tool.schema.internal.exec.ScriptSourceInputNonExistentImpl@55e3d403'
2019-11-23 01:32:00,141 INFO org.springframework.orm.jpa.AbstractEntityManagerFactoryBean [localhost-startStop-1] Initialized JPA EntityManagerFactory for persistence unit 'default'
2019-11-23 01:32:00,927 INFO com.example.sportsbetting.service.SportsBettingService [localhost-startStop-1] SportsBettingService is initializing.
2019-11-23 01:32:01,426 INFO org.springframework.web.servlet.FrameworkServlet [localhost-startStop-1] Completed initialization in 4806 ms
2019-11-23 01:32:17,368 INFO org.hibernate.hql.internal.QueryTranslatorFactoryInitiator [http-bio-8080-exec-9] HHH000397: Using ASTQueryTranslatorFactory
2019-11-23 01:32:38,742 INFO com.example.sportsbetting.service.SportsBettingService [http-bio-8080-exec-3] Wager saving threw IllegalArgumentException
2019-11-23 01:32:40,711 INFO com.example.sportsbetting.service.SportsBettingService [http-bio-8080-exec-3] Wager saving threw IllegalArgumentException
2019-11-23 01:35:15,688 INFO org.springframework.web.servlet.FrameworkServlet [localhost-startStop-1] Initializing Servlet 'dispatcher'
2019-11-23 01:35:16,150 INFO org.springframework.data.repository.config.RepositoryConfigurationDelegate [localhost-startStop-1] Bootstrapping Spring Data repositories in DEFAULT mode.
2019-11-23 01:35:16,264 INFO org.springframework.data.repository.config.RepositoryConfigurationDelegate [localhost-startStop-1] Finished Spring Data repository scanning in 91ms. Found 7 repository interfaces.
2019-11-23 01:35:16,667 INFO org.hibernate.jpa.internal.util.LogHelper [localhost-startStop-1] HHH000204: Processing PersistenceUnitInfo [
	name: default
	...]
2019-11-23 01:35:16,777 INFO org.hibernate.Version [localhost-startStop-1] HHH000412: Hibernate Core {5.3.6.Final}
2019-11-23 01:35:16,779 INFO org.hibernate.cfg.Environment [localhost-startStop-1] HHH000206: hibernate.properties not found
2019-11-23 01:35:16,995 INFO org.hibernate.annotations.common.reflection.java.JavaReflectionManager [localhost-startStop-1] HCANN000001: Hibernate Commons Annotations {5.0.4.Final}
2019-11-23 01:35:17,430 INFO org.hibernate.dialect.Dialect [localhost-startStop-1] HHH000400: Using dialect: org.hibernate.dialect.MySQL5Dialect
2019-11-23 01:35:19,205 INFO org.hibernate.tool.schema.internal.SchemaCreatorImpl [localhost-startStop-1] HHH000476: Executing import script 'org.hibernate.tool.schema.internal.exec.ScriptSourceInputNonExistentImpl@109bd36e'
2019-11-23 01:35:19,219 INFO org.springframework.orm.jpa.AbstractEntityManagerFactoryBean [localhost-startStop-1] Initialized JPA EntityManagerFactory for persistence unit 'default'
2019-11-23 01:35:20,041 INFO com.example.sportsbetting.service.SportsBettingService [localhost-startStop-1] SportsBettingService is initializing.
2019-11-23 01:35:20,537 INFO org.springframework.web.servlet.FrameworkServlet [localhost-startStop-1] Completed initialization in 4846 ms
2019-11-23 01:36:30,347 INFO org.springframework.web.servlet.FrameworkServlet [localhost-startStop-1] Initializing Servlet 'dispatcher'
2019-11-23 01:36:30,795 INFO org.springframework.data.repository.config.RepositoryConfigurationDelegate [localhost-startStop-1] Bootstrapping Spring Data repositories in DEFAULT mode.
2019-11-23 01:36:30,909 INFO org.springframework.data.repository.config.RepositoryConfigurationDelegate [localhost-startStop-1] Finished Spring Data repository scanning in 98ms. Found 7 repository interfaces.
2019-11-23 01:36:31,317 INFO org.hibernate.jpa.internal.util.LogHelper [localhost-startStop-1] HHH000204: Processing PersistenceUnitInfo [
	name: default
	...]
2019-11-23 01:36:31,424 INFO org.hibernate.Version [localhost-startStop-1] HHH000412: Hibernate Core {5.3.6.Final}
2019-11-23 01:36:31,426 INFO org.hibernate.cfg.Environment [localhost-startStop-1] HHH000206: hibernate.properties not found
2019-11-23 01:36:31,633 INFO org.hibernate.annotations.common.reflection.java.JavaReflectionManager [localhost-startStop-1] HCANN000001: Hibernate Commons Annotations {5.0.4.Final}
2019-11-23 01:36:32,061 INFO org.hibernate.dialect.Dialect [localhost-startStop-1] HHH000400: Using dialect: org.hibernate.dialect.MySQL5Dialect
2019-11-23 01:36:33,701 INFO org.hibernate.tool.schema.internal.SchemaCreatorImpl [localhost-startStop-1] HHH000476: Executing import script 'org.hibernate.tool.schema.internal.exec.ScriptSourceInputNonExistentImpl@1ec1765b'
2019-11-23 01:36:33,713 INFO org.springframework.orm.jpa.AbstractEntityManagerFactoryBean [localhost-startStop-1] Initialized JPA EntityManagerFactory for persistence unit 'default'
2019-11-23 01:36:34,491 INFO com.example.sportsbetting.service.SportsBettingService [localhost-startStop-1] SportsBettingService is initializing.
2019-11-23 01:36:35,042 INFO org.springframework.web.servlet.FrameworkServlet [localhost-startStop-1] Completed initialization in 4690 ms
2019-11-23 01:36:46,763 INFO org.hibernate.hql.internal.QueryTranslatorFactoryInitiator [http-bio-8080-exec-7] HHH000397: Using ASTQueryTranslatorFactory
2019-11-23 01:41:31,362 INFO org.springframework.web.servlet.FrameworkServlet [localhost-startStop-1] Initializing Servlet 'dispatcher'
2019-11-23 01:41:31,918 INFO org.springframework.data.repository.config.RepositoryConfigurationDelegate [localhost-startStop-1] Bootstrapping Spring Data repositories in DEFAULT mode.
2019-11-23 01:41:32,068 INFO org.springframework.data.repository.config.RepositoryConfigurationDelegate [localhost-startStop-1] Finished Spring Data repository scanning in 130ms. Found 7 repository interfaces.
2019-11-23 01:41:32,548 INFO org.hibernate.jpa.internal.util.LogHelper [localhost-startStop-1] HHH000204: Processing PersistenceUnitInfo [
	name: default
	...]
2019-11-23 01:41:32,679 INFO org.hibernate.Version [localhost-startStop-1] HHH000412: Hibernate Core {5.3.6.Final}
2019-11-23 01:41:32,681 INFO org.hibernate.cfg.Environment [localhost-startStop-1] HHH000206: hibernate.properties not found
2019-11-23 01:41:32,929 INFO org.hibernate.annotations.common.reflection.java.JavaReflectionManager [localhost-startStop-1] HCANN000001: Hibernate Commons Annotations {5.0.4.Final}
2019-11-23 01:41:33,397 INFO org.hibernate.dialect.Dialect [localhost-startStop-1] HHH000400: Using dialect: org.hibernate.dialect.MySQL5Dialect
2019-11-23 01:41:35,166 INFO org.hibernate.tool.schema.internal.SchemaCreatorImpl [localhost-startStop-1] HHH000476: Executing import script 'org.hibernate.tool.schema.internal.exec.ScriptSourceInputNonExistentImpl@13b31cc4'
2019-11-23 01:41:35,185 INFO org.springframework.orm.jpa.AbstractEntityManagerFactoryBean [localhost-startStop-1] Initialized JPA EntityManagerFactory for persistence unit 'default'
2019-11-23 01:41:36,106 INFO com.example.sportsbetting.service.SportsBettingService [localhost-startStop-1] SportsBettingService is initializing.
2019-11-23 01:41:36,805 INFO org.springframework.web.servlet.FrameworkServlet [localhost-startStop-1] Completed initialization in 5438 ms
2019-11-23 01:41:47,190 INFO org.hibernate.hql.internal.QueryTranslatorFactoryInitiator [http-bio-8080-exec-9] HHH000397: Using ASTQueryTranslatorFactory
2019-11-23 01:44:21,429 INFO org.springframework.web.servlet.FrameworkServlet [localhost-startStop-1] Initializing Servlet 'dispatcher'
2019-11-23 01:44:21,991 INFO org.springframework.data.repository.config.RepositoryConfigurationDelegate [localhost-startStop-1] Bootstrapping Spring Data repositories in DEFAULT mode.
2019-11-23 01:44:22,147 INFO org.springframework.data.repository.config.RepositoryConfigurationDelegate [localhost-startStop-1] Finished Spring Data repository scanning in 134ms. Found 7 repository interfaces.
2019-11-23 01:44:22,630 INFO org.hibernate.jpa.internal.util.LogHelper [localhost-startStop-1] HHH000204: Processing PersistenceUnitInfo [
	name: default
	...]
2019-11-23 01:44:22,760 INFO org.hibernate.Version [localhost-startStop-1] HHH000412: Hibernate Core {5.3.6.Final}
2019-11-23 01:44:22,763 INFO org.hibernate.cfg.Environment [localhost-startStop-1] HHH000206: hibernate.properties not found
2019-11-23 01:44:23,007 INFO org.hibernate.annotations.common.reflection.java.JavaReflectionManager [localhost-startStop-1] HCANN000001: Hibernate Commons Annotations {5.0.4.Final}
2019-11-23 01:44:23,470 INFO org.hibernate.dialect.Dialect [localhost-startStop-1] HHH000400: Using dialect: org.hibernate.dialect.MySQL5Dialect
2019-11-23 01:44:25,199 INFO org.hibernate.tool.schema.internal.SchemaCreatorImpl [localhost-startStop-1] HHH000476: Executing import script 'org.hibernate.tool.schema.internal.exec.ScriptSourceInputNonExistentImpl@1fed85f7'
2019-11-23 01:44:25,217 INFO org.springframework.orm.jpa.AbstractEntityManagerFactoryBean [localhost-startStop-1] Initialized JPA EntityManagerFactory for persistence unit 'default'
2019-11-23 01:44:26,134 INFO com.example.sportsbetting.service.SportsBettingService [localhost-startStop-1] SportsBettingService is initializing.
2019-11-23 01:44:26,789 INFO org.springframework.web.servlet.FrameworkServlet [localhost-startStop-1] Completed initialization in 5356 ms
2019-11-23 01:48:20,831 INFO org.springframework.web.servlet.FrameworkServlet [localhost-startStop-1] Initializing Servlet 'dispatcher'
2019-11-23 01:48:21,394 INFO org.springframework.data.repository.config.RepositoryConfigurationDelegate [localhost-startStop-1] Bootstrapping Spring Data repositories in DEFAULT mode.
2019-11-23 01:48:21,542 INFO org.springframework.data.repository.config.RepositoryConfigurationDelegate [localhost-startStop-1] Finished Spring Data repository scanning in 127ms. Found 7 repository interfaces.
2019-11-23 01:48:22,024 INFO org.hibernate.jpa.internal.util.LogHelper [localhost-startStop-1] HHH000204: Processing PersistenceUnitInfo [
	name: default
	...]
2019-11-23 01:48:22,151 INFO org.hibernate.Version [localhost-startStop-1] HHH000412: Hibernate Core {5.3.6.Final}
2019-11-23 01:48:22,153 INFO org.hibernate.cfg.Environment [localhost-startStop-1] HHH000206: hibernate.properties not found
2019-11-23 01:48:22,398 INFO org.hibernate.annotations.common.reflection.java.JavaReflectionManager [localhost-startStop-1] HCANN000001: Hibernate Commons Annotations {5.0.4.Final}
2019-11-23 01:48:22,868 INFO org.hibernate.dialect.Dialect [localhost-startStop-1] HHH000400: Using dialect: org.hibernate.dialect.MySQL5Dialect
2019-11-23 01:48:24,633 INFO org.hibernate.tool.schema.internal.SchemaCreatorImpl [localhost-startStop-1] HHH000476: Executing import script 'org.hibernate.tool.schema.internal.exec.ScriptSourceInputNonExistentImpl@7b11b295'
2019-11-23 01:48:24,653 INFO org.springframework.orm.jpa.AbstractEntityManagerFactoryBean [localhost-startStop-1] Initialized JPA EntityManagerFactory for persistence unit 'default'
2019-11-23 01:48:25,574 INFO com.example.sportsbetting.service.SportsBettingService [localhost-startStop-1] SportsBettingService is initializing.
2019-11-23 01:48:26,216 INFO org.springframework.web.servlet.FrameworkServlet [localhost-startStop-1] Completed initialization in 5379 ms
2019-11-23 01:48:37,506 INFO org.hibernate.hql.internal.QueryTranslatorFactoryInitiator [http-bio-8080-exec-3] HHH000397: Using ASTQueryTranslatorFactory
2019-11-23 01:51:02,515 INFO org.springframework.web.servlet.FrameworkServlet [localhost-startStop-1] Initializing Servlet 'dispatcher'
2019-11-23 01:51:03,036 INFO org.springframework.data.repository.config.RepositoryConfigurationDelegate [localhost-startStop-1] Bootstrapping Spring Data repositories in DEFAULT mode.
2019-11-23 01:51:03,183 INFO org.springframework.data.repository.config.RepositoryConfigurationDelegate [localhost-startStop-1] Finished Spring Data repository scanning in 126ms. Found 7 repository interfaces.
2019-11-23 01:51:03,641 INFO org.hibernate.jpa.internal.util.LogHelper [localhost-startStop-1] HHH000204: Processing PersistenceUnitInfo [
	name: default
	...]
2019-11-23 01:51:03,766 INFO org.hibernate.Version [localhost-startStop-1] HHH000412: Hibernate Core {5.3.6.Final}
2019-11-23 01:51:03,768 INFO org.hibernate.cfg.Environment [localhost-startStop-1] HHH000206: hibernate.properties not found
2019-11-23 01:51:04,006 INFO org.hibernate.annotations.common.reflection.java.JavaReflectionManager [localhost-startStop-1] HCANN000001: Hibernate Commons Annotations {5.0.4.Final}
2019-11-23 01:51:04,473 INFO org.hibernate.dialect.Dialect [localhost-startStop-1] HHH000400: Using dialect: org.hibernate.dialect.MySQL5Dialect
2019-11-23 01:51:06,204 INFO org.hibernate.tool.schema.internal.SchemaCreatorImpl [localhost-startStop-1] HHH000476: Executing import script 'org.hibernate.tool.schema.internal.exec.ScriptSourceInputNonExistentImpl@27c226b5'
2019-11-23 01:51:06,223 INFO org.springframework.orm.jpa.AbstractEntityManagerFactoryBean [localhost-startStop-1] Initialized JPA EntityManagerFactory for persistence unit 'default'
2019-11-23 01:51:07,104 INFO com.example.sportsbetting.service.SportsBettingService [localhost-startStop-1] SportsBettingService is initializing.
2019-11-23 01:51:07,709 INFO org.springframework.web.servlet.FrameworkServlet [localhost-startStop-1] Completed initialization in 5189 ms
2019-11-23 01:51:36,124 INFO org.hibernate.hql.internal.QueryTranslatorFactoryInitiator [http-bio-8080-exec-7] HHH000397: Using ASTQueryTranslatorFactory
2019-11-23 02:03:34,284 INFO org.springframework.web.servlet.FrameworkServlet [localhost-startStop-1] Initializing Servlet 'dispatcher'
2019-11-23 02:03:34,688 INFO org.springframework.data.repository.config.RepositoryConfigurationDelegate [localhost-startStop-1] Bootstrapping Spring Data repositories in DEFAULT mode.
2019-11-23 02:03:34,810 INFO org.springframework.data.repository.config.RepositoryConfigurationDelegate [localhost-startStop-1] Finished Spring Data repository scanning in 103ms. Found 7 repository interfaces.
2019-11-23 02:03:35,216 INFO org.hibernate.jpa.internal.util.LogHelper [localhost-startStop-1] HHH000204: Processing PersistenceUnitInfo [
	name: default
	...]
2019-11-23 02:03:35,333 INFO org.hibernate.Version [localhost-startStop-1] HHH000412: Hibernate Core {5.3.6.Final}
2019-11-23 02:03:35,336 INFO org.hibernate.cfg.Environment [localhost-startStop-1] HHH000206: hibernate.properties not found
2019-11-23 02:03:35,539 INFO org.hibernate.annotations.common.reflection.java.JavaReflectionManager [localhost-startStop-1] HCANN000001: Hibernate Commons Annotations {5.0.4.Final}
2019-11-23 02:03:35,985 INFO org.hibernate.dialect.Dialect [localhost-startStop-1] HHH000400: Using dialect: org.hibernate.dialect.MySQL5Dialect
2019-11-23 02:03:37,902 INFO org.hibernate.tool.schema.internal.SchemaCreatorImpl [localhost-startStop-1] HHH000476: Executing import script 'org.hibernate.tool.schema.internal.exec.ScriptSourceInputNonExistentImpl@7c970c41'
2019-11-23 02:03:37,914 INFO org.springframework.orm.jpa.AbstractEntityManagerFactoryBean [localhost-startStop-1] Initialized JPA EntityManagerFactory for persistence unit 'default'
2019-11-23 02:03:38,490 INFO com.example.sportsbetting.service.SportsBettingService [localhost-startStop-1] SportsBettingService is initializing.
2019-11-23 02:03:39,009 INFO org.springframework.web.servlet.FrameworkServlet [localhost-startStop-1] Completed initialization in 4720 ms
2019-11-23 02:03:55,783 INFO org.hibernate.hql.internal.QueryTranslatorFactoryInitiator [http-bio-8080-exec-5] HHH000397: Using ASTQueryTranslatorFactory
2019-11-23 02:10:43,588 INFO org.springframework.web.servlet.FrameworkServlet [localhost-startStop-1] Initializing Servlet 'dispatcher'
2019-11-23 02:10:44,091 INFO org.springframework.data.repository.config.RepositoryConfigurationDelegate [localhost-startStop-1] Bootstrapping Spring Data repositories in DEFAULT mode.
2019-11-23 02:10:44,243 INFO org.springframework.data.repository.config.RepositoryConfigurationDelegate [localhost-startStop-1] Finished Spring Data repository scanning in 131ms. Found 7 repository interfaces.
2019-11-23 02:10:44,756 INFO org.hibernate.jpa.internal.util.LogHelper [localhost-startStop-1] HHH000204: Processing PersistenceUnitInfo [
	name: default
	...]
2019-11-23 02:10:44,894 INFO org.hibernate.Version [localhost-startStop-1] HHH000412: Hibernate Core {5.3.6.Final}
2019-11-23 02:10:44,897 INFO org.hibernate.cfg.Environment [localhost-startStop-1] HHH000206: hibernate.properties not found
2019-11-23 02:10:45,144 INFO org.hibernate.annotations.common.reflection.java.JavaReflectionManager [localhost-startStop-1] HCANN000001: Hibernate Commons Annotations {5.0.4.Final}
2019-11-23 02:10:45,626 INFO org.hibernate.dialect.Dialect [localhost-startStop-1] HHH000400: Using dialect: org.hibernate.dialect.MySQL5Dialect
2019-11-23 02:10:47,716 INFO org.hibernate.tool.schema.internal.SchemaCreatorImpl [localhost-startStop-1] HHH000476: Executing import script 'org.hibernate.tool.schema.internal.exec.ScriptSourceInputNonExistentImpl@42cb10e1'
2019-11-23 02:10:47,737 INFO org.springframework.orm.jpa.AbstractEntityManagerFactoryBean [localhost-startStop-1] Initialized JPA EntityManagerFactory for persistence unit 'default'
2019-11-23 02:10:48,432 INFO com.example.sportsbetting.service.SportsBettingService [localhost-startStop-1] SportsBettingService is initializing.
2019-11-23 02:10:49,044 INFO org.springframework.web.servlet.FrameworkServlet [localhost-startStop-1] Completed initialization in 5451 ms
2019-11-23 02:13:25,462 INFO org.springframework.web.servlet.FrameworkServlet [localhost-startStop-1] Initializing Servlet 'dispatcher'
2019-11-23 02:13:26,011 INFO org.springframework.data.repository.config.RepositoryConfigurationDelegate [localhost-startStop-1] Bootstrapping Spring Data repositories in DEFAULT mode.
2019-11-23 02:13:26,154 INFO org.springframework.data.repository.config.RepositoryConfigurationDelegate [localhost-startStop-1] Finished Spring Data repository scanning in 122ms. Found 7 repository interfaces.
2019-11-23 02:13:26,625 INFO org.hibernate.jpa.internal.util.LogHelper [localhost-startStop-1] HHH000204: Processing PersistenceUnitInfo [
	name: default
	...]
2019-11-23 02:13:26,756 INFO org.hibernate.Version [localhost-startStop-1] HHH000412: Hibernate Core {5.3.6.Final}
2019-11-23 02:13:26,758 INFO org.hibernate.cfg.Environment [localhost-startStop-1] HHH000206: hibernate.properties not found
2019-11-23 02:13:26,999 INFO org.hibernate.annotations.common.reflection.java.JavaReflectionManager [localhost-startStop-1] HCANN000001: Hibernate Commons Annotations {5.0.4.Final}
2019-11-23 02:13:27,463 INFO org.hibernate.dialect.Dialect [localhost-startStop-1] HHH000400: Using dialect: org.hibernate.dialect.MySQL5Dialect
2019-11-23 02:13:29,420 INFO org.hibernate.tool.schema.internal.SchemaCreatorImpl [localhost-startStop-1] HHH000476: Executing import script 'org.hibernate.tool.schema.internal.exec.ScriptSourceInputNonExistentImpl@a2813a0'
2019-11-23 02:13:29,439 INFO org.springframework.orm.jpa.AbstractEntityManagerFactoryBean [localhost-startStop-1] Initialized JPA EntityManagerFactory for persistence unit 'default'
2019-11-23 02:13:30,332 INFO com.example.sportsbetting.service.SportsBettingService [localhost-startStop-1] SportsBettingService is initializing.
2019-11-23 02:13:30,937 INFO org.springframework.web.servlet.FrameworkServlet [localhost-startStop-1] Completed initialization in 5471 ms
2019-11-23 02:15:55,544 INFO org.springframework.web.servlet.FrameworkServlet [localhost-startStop-1] Initializing Servlet 'dispatcher'
2019-11-23 02:15:56,088 INFO org.springframework.data.repository.config.RepositoryConfigurationDelegate [localhost-startStop-1] Bootstrapping Spring Data repositories in DEFAULT mode.
2019-11-23 02:15:56,234 INFO org.springframework.data.repository.config.RepositoryConfigurationDelegate [localhost-startStop-1] Finished Spring Data repository scanning in 124ms. Found 7 repository interfaces.
2019-11-23 02:15:56,695 INFO org.hibernate.jpa.internal.util.LogHelper [localhost-startStop-1] HHH000204: Processing PersistenceUnitInfo [
	name: default
	...]
2019-11-23 02:15:56,819 INFO org.hibernate.Version [localhost-startStop-1] HHH000412: Hibernate Core {5.3.6.Final}
2019-11-23 02:15:56,822 INFO org.hibernate.cfg.Environment [localhost-startStop-1] HHH000206: hibernate.properties not found
2019-11-23 02:15:57,058 INFO org.hibernate.annotations.common.reflection.java.JavaReflectionManager [localhost-startStop-1] HCANN000001: Hibernate Commons Annotations {5.0.4.Final}
2019-11-23 02:15:57,507 INFO org.hibernate.dialect.Dialect [localhost-startStop-1] HHH000400: Using dialect: org.hibernate.dialect.MySQL5Dialect
2019-11-23 02:15:59,260 INFO org.hibernate.tool.schema.internal.SchemaCreatorImpl [localhost-startStop-1] HHH000476: Executing import script 'org.hibernate.tool.schema.internal.exec.ScriptSourceInputNonExistentImpl@69cb90a8'
2019-11-23 02:15:59,279 INFO org.springframework.orm.jpa.AbstractEntityManagerFactoryBean [localhost-startStop-1] Initialized JPA EntityManagerFactory for persistence unit 'default'
2019-11-23 02:16:00,154 INFO com.example.sportsbetting.service.SportsBettingService [localhost-startStop-1] SportsBettingService is initializing.
2019-11-23 02:16:00,790 INFO org.springframework.web.servlet.FrameworkServlet [localhost-startStop-1] Completed initialization in 5241 ms
2019-11-23 02:18:42,863 INFO org.springframework.web.servlet.FrameworkServlet [localhost-startStop-1] Initializing Servlet 'dispatcher'
2019-11-23 02:18:43,340 INFO org.springframework.data.repository.config.RepositoryConfigurationDelegate [localhost-startStop-1] Bootstrapping Spring Data repositories in DEFAULT mode.
2019-11-23 02:18:43,473 INFO org.springframework.data.repository.config.RepositoryConfigurationDelegate [localhost-startStop-1] Finished Spring Data repository scanning in 103ms. Found 7 repository interfaces.
2019-11-23 02:18:43,930 INFO org.hibernate.jpa.internal.util.LogHelper [localhost-startStop-1] HHH000204: Processing PersistenceUnitInfo [
	name: default
	...]
2019-11-23 02:18:44,068 INFO org.hibernate.Version [localhost-startStop-1] HHH000412: Hibernate Core {5.3.6.Final}
2019-11-23 02:18:44,070 INFO org.hibernate.cfg.Environment [localhost-startStop-1] HHH000206: hibernate.properties not found
2019-11-23 02:18:44,274 INFO org.hibernate.annotations.common.reflection.java.JavaReflectionManager [localhost-startStop-1] HCANN000001: Hibernate Commons Annotations {5.0.4.Final}
2019-11-23 02:18:44,697 INFO org.hibernate.dialect.Dialect [localhost-startStop-1] HHH000400: Using dialect: org.hibernate.dialect.MySQL5Dialect
2019-11-23 02:18:46,460 INFO org.hibernate.tool.schema.internal.SchemaCreatorImpl [localhost-startStop-1] HHH000476: Executing import script 'org.hibernate.tool.schema.internal.exec.ScriptSourceInputNonExistentImpl@6f732020'
2019-11-23 02:18:46,473 INFO org.springframework.orm.jpa.AbstractEntityManagerFactoryBean [localhost-startStop-1] Initialized JPA EntityManagerFactory for persistence unit 'default'
2019-11-23 02:18:47,274 INFO com.example.sportsbetting.service.SportsBettingService [localhost-startStop-1] SportsBettingService is initializing.
2019-11-23 02:18:47,836 INFO org.springframework.web.servlet.FrameworkServlet [localhost-startStop-1] Completed initialization in 4969 ms
2019-11-23 02:19:00,981 INFO org.springframework.web.servlet.FrameworkServlet [localhost-startStop-1] Initializing Servlet 'dispatcher'
2019-11-23 02:19:01,504 INFO org.springframework.data.repository.config.RepositoryConfigurationDelegate [localhost-startStop-1] Bootstrapping Spring Data repositories in DEFAULT mode.
2019-11-23 02:19:01,652 INFO org.springframework.data.repository.config.RepositoryConfigurationDelegate [localhost-startStop-1] Finished Spring Data repository scanning in 127ms. Found 7 repository interfaces.
2019-11-23 02:19:02,128 INFO org.hibernate.jpa.internal.util.LogHelper [localhost-startStop-1] HHH000204: Processing PersistenceUnitInfo [
	name: default
	...]
2019-11-23 02:19:02,256 INFO org.hibernate.Version [localhost-startStop-1] HHH000412: Hibernate Core {5.3.6.Final}
2019-11-23 02:19:02,258 INFO org.hibernate.cfg.Environment [localhost-startStop-1] HHH000206: hibernate.properties not found
2019-11-23 02:19:02,505 INFO org.hibernate.annotations.common.reflection.java.JavaReflectionManager [localhost-startStop-1] HCANN000001: Hibernate Commons Annotations {5.0.4.Final}
2019-11-23 02:19:02,973 INFO org.hibernate.dialect.Dialect [localhost-startStop-1] HHH000400: Using dialect: org.hibernate.dialect.MySQL5Dialect
2019-11-23 02:19:04,735 INFO org.hibernate.tool.schema.internal.SchemaCreatorImpl [localhost-startStop-1] HHH000476: Executing import script 'org.hibernate.tool.schema.internal.exec.ScriptSourceInputNonExistentImpl@5b4e5384'
2019-11-23 02:19:04,753 INFO org.springframework.orm.jpa.AbstractEntityManagerFactoryBean [localhost-startStop-1] Initialized JPA EntityManagerFactory for persistence unit 'default'
2019-11-23 02:19:05,650 INFO com.example.sportsbetting.service.SportsBettingService [localhost-startStop-1] SportsBettingService is initializing.
2019-11-23 02:19:06,270 INFO org.springframework.web.servlet.FrameworkServlet [localhost-startStop-1] Completed initialization in 5284 ms
2019-11-23 02:24:44,812 INFO org.springframework.web.servlet.FrameworkServlet [localhost-startStop-1] Initializing Servlet 'dispatcher'
2019-11-23 02:24:45,305 INFO org.springframework.data.repository.config.RepositoryConfigurationDelegate [localhost-startStop-1] Bootstrapping Spring Data repositories in DEFAULT mode.
2019-11-23 02:24:45,452 INFO org.springframework.data.repository.config.RepositoryConfigurationDelegate [localhost-startStop-1] Finished Spring Data repository scanning in 124ms. Found 7 repository interfaces.
2019-11-23 02:24:45,910 INFO org.hibernate.jpa.internal.util.LogHelper [localhost-startStop-1] HHH000204: Processing PersistenceUnitInfo [
	name: default
	...]
2019-11-23 02:24:46,037 INFO org.hibernate.Version [localhost-startStop-1] HHH000412: Hibernate Core {5.3.6.Final}
2019-11-23 02:24:46,039 INFO org.hibernate.cfg.Environment [localhost-startStop-1] HHH000206: hibernate.properties not found
2019-11-23 02:24:46,280 INFO org.hibernate.annotations.common.reflection.java.JavaReflectionManager [localhost-startStop-1] HCANN000001: Hibernate Commons Annotations {5.0.4.Final}
2019-11-23 02:24:46,760 INFO org.hibernate.dialect.Dialect [localhost-startStop-1] HHH000400: Using dialect: org.hibernate.dialect.MySQL5Dialect
2019-11-23 02:24:48,782 INFO org.hibernate.tool.schema.internal.SchemaCreatorImpl [localhost-startStop-1] HHH000476: Executing import script 'org.hibernate.tool.schema.internal.exec.ScriptSourceInputNonExistentImpl@68a3a876'
2019-11-23 02:24:48,802 INFO org.springframework.orm.jpa.AbstractEntityManagerFactoryBean [localhost-startStop-1] Initialized JPA EntityManagerFactory for persistence unit 'default'
2019-11-23 02:24:49,470 INFO com.example.sportsbetting.service.SportsBettingService [localhost-startStop-1] SportsBettingService is initializing.
2019-11-23 02:24:50,076 INFO org.springframework.web.servlet.FrameworkServlet [localhost-startStop-1] Completed initialization in 5258 ms
2019-11-23 02:25:42,056 INFO org.springframework.web.servlet.FrameworkServlet [localhost-startStop-1] Initializing Servlet 'dispatcher'
2019-11-23 02:25:42,586 INFO org.springframework.data.repository.config.RepositoryConfigurationDelegate [localhost-startStop-1] Bootstrapping Spring Data repositories in DEFAULT mode.
2019-11-23 02:25:42,738 INFO org.springframework.data.repository.config.RepositoryConfigurationDelegate [localhost-startStop-1] Finished Spring Data repository scanning in 130ms. Found 7 repository interfaces.
2019-11-23 02:25:43,223 INFO org.hibernate.jpa.internal.util.LogHelper [localhost-startStop-1] HHH000204: Processing PersistenceUnitInfo [
	name: default
	...]
2019-11-23 02:25:43,351 INFO org.hibernate.Version [localhost-startStop-1] HHH000412: Hibernate Core {5.3.6.Final}
2019-11-23 02:25:43,353 INFO org.hibernate.cfg.Environment [localhost-startStop-1] HHH000206: hibernate.properties not found
2019-11-23 02:25:43,601 INFO org.hibernate.annotations.common.reflection.java.JavaReflectionManager [localhost-startStop-1] HCANN000001: Hibernate Commons Annotations {5.0.4.Final}
2019-11-23 02:25:44,084 INFO org.hibernate.dialect.Dialect [localhost-startStop-1] HHH000400: Using dialect: org.hibernate.dialect.MySQL5Dialect
2019-11-23 02:25:45,856 INFO org.hibernate.tool.schema.internal.SchemaCreatorImpl [localhost-startStop-1] HHH000476: Executing import script 'org.hibernate.tool.schema.internal.exec.ScriptSourceInputNonExistentImpl@4db0b7fe'
2019-11-23 02:25:45,875 INFO org.springframework.orm.jpa.AbstractEntityManagerFactoryBean [localhost-startStop-1] Initialized JPA EntityManagerFactory for persistence unit 'default'
2019-11-23 02:25:46,797 INFO com.example.sportsbetting.service.SportsBettingService [localhost-startStop-1] SportsBettingService is initializing.
2019-11-23 02:25:47,437 INFO org.springframework.web.servlet.FrameworkServlet [localhost-startStop-1] Completed initialization in 5375 ms
2019-11-23 02:25:50,282 INFO org.hibernate.hql.internal.QueryTranslatorFactoryInitiator [http-bio-8080-exec-3] HHH000397: Using ASTQueryTranslatorFactory
2019-11-23 02:35:09,294 INFO org.springframework.web.servlet.FrameworkServlet [localhost-startStop-1] Initializing Servlet 'dispatcher'
2019-11-23 02:35:09,756 INFO org.springframework.data.repository.config.RepositoryConfigurationDelegate [localhost-startStop-1] Bootstrapping Spring Data repositories in DEFAULT mode.
2019-11-23 02:35:09,901 INFO org.springframework.data.repository.config.RepositoryConfigurationDelegate [localhost-startStop-1] Finished Spring Data repository scanning in 124ms. Found 7 repository interfaces.
2019-11-23 02:35:10,368 INFO org.hibernate.jpa.internal.util.LogHelper [localhost-startStop-1] HHH000204: Processing PersistenceUnitInfo [
	name: default
	...]
2019-11-23 02:35:10,494 INFO org.hibernate.Version [localhost-startStop-1] HHH000412: Hibernate Core {5.3.6.Final}
2019-11-23 02:35:10,496 INFO org.hibernate.cfg.Environment [localhost-startStop-1] HHH000206: hibernate.properties not found
2019-11-23 02:35:10,737 INFO org.hibernate.annotations.common.reflection.java.JavaReflectionManager [localhost-startStop-1] HCANN000001: Hibernate Commons Annotations {5.0.4.Final}
2019-11-23 02:35:11,205 INFO org.hibernate.dialect.Dialect [localhost-startStop-1] HHH000400: Using dialect: org.hibernate.dialect.MySQL5Dialect
2019-11-23 02:35:13,219 INFO org.hibernate.tool.schema.internal.SchemaCreatorImpl [localhost-startStop-1] HHH000476: Executing import script 'org.hibernate.tool.schema.internal.exec.ScriptSourceInputNonExistentImpl@4bd9ba01'
2019-11-23 02:35:13,239 INFO org.springframework.orm.jpa.AbstractEntityManagerFactoryBean [localhost-startStop-1] Initialized JPA EntityManagerFactory for persistence unit 'default'
2019-11-23 02:35:13,923 INFO com.example.sportsbetting.service.SportsBettingService [localhost-startStop-1] SportsBettingService is initializing.
2019-11-23 02:35:14,571 INFO org.springframework.web.servlet.FrameworkServlet [localhost-startStop-1] Completed initialization in 5273 ms
2019-11-23 02:35:51,843 INFO org.hibernate.hql.internal.QueryTranslatorFactoryInitiator [http-bio-8080-exec-9] HHH000397: Using ASTQueryTranslatorFactory
2019-11-23 02:36:30,939 INFO org.springframework.web.servlet.FrameworkServlet [localhost-startStop-1] Initializing Servlet 'dispatcher'
2019-11-23 02:36:31,377 INFO org.springframework.data.repository.config.RepositoryConfigurationDelegate [localhost-startStop-1] Bootstrapping Spring Data repositories in DEFAULT mode.
2019-11-23 02:36:31,482 INFO org.springframework.data.repository.config.RepositoryConfigurationDelegate [localhost-startStop-1] Finished Spring Data repository scanning in 88ms. Found 7 repository interfaces.
2019-11-23 02:36:31,908 INFO org.hibernate.jpa.internal.util.LogHelper [localhost-startStop-1] HHH000204: Processing PersistenceUnitInfo [
	name: default
	...]
2019-11-23 02:36:32,025 INFO org.hibernate.Version [localhost-startStop-1] HHH000412: Hibernate Core {5.3.6.Final}
2019-11-23 02:36:32,027 INFO org.hibernate.cfg.Environment [localhost-startStop-1] HHH000206: hibernate.properties not found
2019-11-23 02:36:32,241 INFO org.hibernate.annotations.common.reflection.java.JavaReflectionManager [localhost-startStop-1] HCANN000001: Hibernate Commons Annotations {5.0.4.Final}
2019-11-23 02:36:32,726 INFO org.hibernate.dialect.Dialect [localhost-startStop-1] HHH000400: Using dialect: org.hibernate.dialect.MySQL5Dialect
2019-11-23 02:36:34,360 INFO org.hibernate.tool.schema.internal.SchemaCreatorImpl [localhost-startStop-1] HHH000476: Executing import script 'org.hibernate.tool.schema.internal.exec.ScriptSourceInputNonExistentImpl@3cd5f460'
2019-11-23 02:36:34,372 INFO org.springframework.orm.jpa.AbstractEntityManagerFactoryBean [localhost-startStop-1] Initialized JPA EntityManagerFactory for persistence unit 'default'
2019-11-23 02:36:35,136 INFO com.example.sportsbetting.service.SportsBettingService [localhost-startStop-1] SportsBettingService is initializing.
2019-11-23 02:36:35,675 INFO org.springframework.web.servlet.FrameworkServlet [localhost-startStop-1] Completed initialization in 4733 ms
2019-11-23 02:40:14,997 INFO org.springframework.web.servlet.FrameworkServlet [localhost-startStop-1] Initializing Servlet 'dispatcher'
2019-11-23 02:40:15,551 INFO org.springframework.data.repository.config.RepositoryConfigurationDelegate [localhost-startStop-1] Bootstrapping Spring Data repositories in DEFAULT mode.
2019-11-23 02:40:15,710 INFO org.springframework.data.repository.config.RepositoryConfigurationDelegate [localhost-startStop-1] Finished Spring Data repository scanning in 131ms. Found 7 repository interfaces.
2019-11-23 02:40:16,213 INFO org.hibernate.jpa.internal.util.LogHelper [localhost-startStop-1] HHH000204: Processing PersistenceUnitInfo [
	name: default
	...]
2019-11-23 02:40:16,342 INFO org.hibernate.Version [localhost-startStop-1] HHH000412: Hibernate Core {5.3.6.Final}
2019-11-23 02:40:16,344 INFO org.hibernate.cfg.Environment [localhost-startStop-1] HHH000206: hibernate.properties not found
2019-11-23 02:40:16,589 INFO org.hibernate.annotations.common.reflection.java.JavaReflectionManager [localhost-startStop-1] HCANN000001: Hibernate Commons Annotations {5.0.4.Final}
2019-11-23 02:40:17,083 INFO org.hibernate.dialect.Dialect [localhost-startStop-1] HHH000400: Using dialect: org.hibernate.dialect.MySQL5Dialect
2019-11-23 02:40:18,839 INFO org.hibernate.tool.schema.internal.SchemaCreatorImpl [localhost-startStop-1] HHH000476: Executing import script 'org.hibernate.tool.schema.internal.exec.ScriptSourceInputNonExistentImpl@621fa44a'
2019-11-23 02:40:18,857 INFO org.springframework.orm.jpa.AbstractEntityManagerFactoryBean [localhost-startStop-1] Initialized JPA EntityManagerFactory for persistence unit 'default'
2019-11-23 02:40:19,750 INFO com.example.sportsbetting.service.SportsBettingService [localhost-startStop-1] SportsBettingService is initializing.
2019-11-23 02:40:20,383 INFO org.springframework.web.servlet.FrameworkServlet [localhost-startStop-1] Completed initialization in 5382 ms
2019-11-23 02:40:38,109 INFO org.hibernate.hql.internal.QueryTranslatorFactoryInitiator [http-bio-8080-exec-9] HHH000397: Using ASTQueryTranslatorFactory
2019-11-23 02:40:52,126 INFO com.example.sportsbetting.service.SportsBettingService [http-bio-8080-exec-9] Wager saved for player:awdawd
2019-11-23 02:41:18,407 INFO com.example.sportsbetting.service.SportsBettingService [http-bio-8080-exec-7] Wager saved for player:awdawd
2019-11-23 02:46:05,487 INFO org.springframework.web.servlet.FrameworkServlet [localhost-startStop-1] Initializing Servlet 'dispatcher'
2019-11-23 02:46:05,939 INFO org.springframework.data.repository.config.RepositoryConfigurationDelegate [localhost-startStop-1] Bootstrapping Spring Data repositories in DEFAULT mode.
2019-11-23 02:46:06,079 INFO org.springframework.data.repository.config.RepositoryConfigurationDelegate [localhost-startStop-1] Finished Spring Data repository scanning in 118ms. Found 7 repository interfaces.
2019-11-23 02:46:06,565 INFO org.hibernate.jpa.internal.util.LogHelper [localhost-startStop-1] HHH000204: Processing PersistenceUnitInfo [
	name: default
	...]
2019-11-23 02:46:06,691 INFO org.hibernate.Version [localhost-startStop-1] HHH000412: Hibernate Core {5.3.6.Final}
2019-11-23 02:46:06,693 INFO org.hibernate.cfg.Environment [localhost-startStop-1] HHH000206: hibernate.properties not found
2019-11-23 02:46:06,931 INFO org.hibernate.annotations.common.reflection.java.JavaReflectionManager [localhost-startStop-1] HCANN000001: Hibernate Commons Annotations {5.0.4.Final}
2019-11-23 02:46:07,404 INFO org.hibernate.dialect.Dialect [localhost-startStop-1] HHH000400: Using dialect: org.hibernate.dialect.MySQL5Dialect
2019-11-23 02:46:09,431 INFO org.hibernate.tool.schema.internal.SchemaCreatorImpl [localhost-startStop-1] HHH000476: Executing import script 'org.hibernate.tool.schema.internal.exec.ScriptSourceInputNonExistentImpl@4e6c6d16'
2019-11-23 02:46:09,450 INFO org.springframework.orm.jpa.AbstractEntityManagerFactoryBean [localhost-startStop-1] Initialized JPA EntityManagerFactory for persistence unit 'default'
2019-11-23 02:46:10,128 INFO com.example.sportsbetting.service.SportsBettingService [localhost-startStop-1] SportsBettingService is initializing.
2019-11-23 02:46:10,753 INFO org.springframework.web.servlet.FrameworkServlet [localhost-startStop-1] Completed initialization in 5261 ms
2019-11-23 02:46:19,330 INFO org.hibernate.hql.internal.QueryTranslatorFactoryInitiator [http-bio-8080-exec-9] HHH000397: Using ASTQueryTranslatorFactory
2019-11-23 02:47:45,233 INFO com.example.sportsbetting.service.SportsBettingService [http-bio-8080-exec-7] Wager saved for player:Bence Róthűúőáúőá
2019-11-23 02:47:49,216 INFO com.example.sportsbetting.service.SportsBettingService [http-bio-8080-exec-4] Wager saving threw NotEnoughBalanceException for player: Bence Róthűúőáúőá
2019-11-23 02:48:00,664 INFO com.example.sportsbetting.service.SportsBettingService [http-bio-8080-exec-12] Wager saved for player:Bence Róthűúőáúőá
2019-11-23 02:51:09,506 INFO org.springframework.web.servlet.FrameworkServlet [localhost-startStop-1] Initializing Servlet 'dispatcher'
2019-11-23 02:51:10,059 INFO org.springframework.data.repository.config.RepositoryConfigurationDelegate [localhost-startStop-1] Bootstrapping Spring Data repositories in DEFAULT mode.
2019-11-23 02:51:10,204 INFO org.springframework.data.repository.config.RepositoryConfigurationDelegate [localhost-startStop-1] Finished Spring Data repository scanning in 124ms. Found 7 repository interfaces.
2019-11-23 02:51:10,681 INFO org.hibernate.jpa.internal.util.LogHelper [localhost-startStop-1] HHH000204: Processing PersistenceUnitInfo [
	name: default
	...]
2019-11-23 02:51:10,806 INFO org.hibernate.Version [localhost-startStop-1] HHH000412: Hibernate Core {5.3.6.Final}
2019-11-23 02:51:10,810 INFO org.hibernate.cfg.Environment [localhost-startStop-1] HHH000206: hibernate.properties not found
2019-11-23 02:51:11,054 INFO org.hibernate.annotations.common.reflection.java.JavaReflectionManager [localhost-startStop-1] HCANN000001: Hibernate Commons Annotations {5.0.4.Final}
2019-11-23 02:51:11,527 INFO org.hibernate.dialect.Dialect [localhost-startStop-1] HHH000400: Using dialect: org.hibernate.dialect.MySQL5Dialect
2019-11-23 02:51:13,388 INFO org.hibernate.tool.schema.internal.SchemaCreatorImpl [localhost-startStop-1] HHH000476: Executing import script 'org.hibernate.tool.schema.internal.exec.ScriptSourceInputNonExistentImpl@4ffbda33'
2019-11-23 02:51:13,406 INFO org.springframework.orm.jpa.AbstractEntityManagerFactoryBean [localhost-startStop-1] Initialized JPA EntityManagerFactory for persistence unit 'default'
2019-11-23 02:51:14,308 INFO com.example.sportsbetting.service.SportsBettingService [localhost-startStop-1] SportsBettingService is initializing.
2019-11-23 02:51:14,945 INFO org.springframework.web.servlet.FrameworkServlet [localhost-startStop-1] Completed initialization in 5435 ms
2019-11-23 02:51:26,274 INFO org.hibernate.hql.internal.QueryTranslatorFactoryInitiator [http-bio-8080-exec-9] HHH000397: Using ASTQueryTranslatorFactory
2019-11-23 02:51:29,853 INFO com.example.sportsbetting.service.SportsBettingService [http-bio-8080-exec-9] Wager saved for player:awd
2019-11-23 02:55:12,509 INFO org.springframework.web.servlet.FrameworkServlet [localhost-startStop-1] Initializing Servlet 'dispatcher'
2019-11-23 02:55:13,044 INFO org.springframework.data.repository.config.RepositoryConfigurationDelegate [localhost-startStop-1] Bootstrapping Spring Data repositories in DEFAULT mode.
2019-11-23 02:55:13,190 INFO org.springframework.data.repository.config.RepositoryConfigurationDelegate [localhost-startStop-1] Finished Spring Data repository scanning in 126ms. Found 7 repository interfaces.
2019-11-23 02:55:13,684 INFO org.hibernate.jpa.internal.util.LogHelper [localhost-startStop-1] HHH000204: Processing PersistenceUnitInfo [
	name: default
	...]
2019-11-23 02:55:13,812 INFO org.hibernate.Version [localhost-startStop-1] HHH000412: Hibernate Core {5.3.6.Final}
2019-11-23 02:55:13,814 INFO org.hibernate.cfg.Environment [localhost-startStop-1] HHH000206: hibernate.properties not found
2019-11-23 02:55:14,058 INFO org.hibernate.annotations.common.reflection.java.JavaReflectionManager [localhost-startStop-1] HCANN000001: Hibernate Commons Annotations {5.0.4.Final}
2019-11-23 02:55:14,540 INFO org.hibernate.dialect.Dialect [localhost-startStop-1] HHH000400: Using dialect: org.hibernate.dialect.MySQL5Dialect
2019-11-23 02:55:16,343 INFO org.hibernate.tool.schema.internal.SchemaCreatorImpl [localhost-startStop-1] HHH000476: Executing import script 'org.hibernate.tool.schema.internal.exec.ScriptSourceInputNonExistentImpl@1bf1e767'
2019-11-23 02:55:16,362 INFO org.springframework.orm.jpa.AbstractEntityManagerFactoryBean [localhost-startStop-1] Initialized JPA EntityManagerFactory for persistence unit 'default'
2019-11-23 02:55:17,307 INFO com.example.sportsbetting.service.SportsBettingService [localhost-startStop-1] SportsBettingService is initializing.
2019-11-23 02:55:17,994 INFO org.springframework.web.servlet.FrameworkServlet [localhost-startStop-1] Completed initialization in 5480 ms
2019-11-23 02:55:23,078 INFO org.hibernate.hql.internal.QueryTranslatorFactoryInitiator [http-bio-8080-exec-5] HHH000397: Using ASTQueryTranslatorFactory
2019-11-23 02:55:28,775 WARN org.springframework.web.servlet.DispatcherServlet [http-bio-8080-exec-9] No mapping for POST /registerr
2019-11-23 02:55:48,481 INFO org.springframework.web.servlet.FrameworkServlet [localhost-startStop-1] Initializing Servlet 'dispatcher'
2019-11-23 02:55:49,005 INFO org.springframework.data.repository.config.RepositoryConfigurationDelegate [localhost-startStop-1] Bootstrapping Spring Data repositories in DEFAULT mode.
2019-11-23 02:55:49,144 INFO org.springframework.data.repository.config.RepositoryConfigurationDelegate [localhost-startStop-1] Finished Spring Data repository scanning in 119ms. Found 7 repository interfaces.
2019-11-23 02:55:49,618 INFO org.hibernate.jpa.internal.util.LogHelper [localhost-startStop-1] HHH000204: Processing PersistenceUnitInfo [
	name: default
	...]
2019-11-23 02:55:49,742 INFO org.hibernate.Version [localhost-startStop-1] HHH000412: Hibernate Core {5.3.6.Final}
2019-11-23 02:55:49,745 INFO org.hibernate.cfg.Environment [localhost-startStop-1] HHH000206: hibernate.properties not found
2019-11-23 02:55:49,984 INFO org.hibernate.annotations.common.reflection.java.JavaReflectionManager [localhost-startStop-1] HCANN000001: Hibernate Commons Annotations {5.0.4.Final}
2019-11-23 02:55:50,444 INFO org.hibernate.dialect.Dialect [localhost-startStop-1] HHH000400: Using dialect: org.hibernate.dialect.MySQL5Dialect
2019-11-23 02:55:52,170 INFO org.hibernate.tool.schema.internal.SchemaCreatorImpl [localhost-startStop-1] HHH000476: Executing import script 'org.hibernate.tool.schema.internal.exec.ScriptSourceInputNonExistentImpl@3efccfaf'
2019-11-23 02:55:52,189 INFO org.springframework.orm.jpa.AbstractEntityManagerFactoryBean [localhost-startStop-1] Initialized JPA EntityManagerFactory for persistence unit 'default'
2019-11-23 02:55:53,093 INFO com.example.sportsbetting.service.SportsBettingService [localhost-startStop-1] SportsBettingService is initializing.
2019-11-23 02:55:53,722 INFO org.springframework.web.servlet.FrameworkServlet [localhost-startStop-1] Completed initialization in 5237 ms
2019-11-23 02:55:58,323 WARN org.springframework.web.servlet.DispatcherServlet [http-bio-8080-exec-1] No mapping for POST /registerr
2019-11-23 02:56:05,856 INFO org.hibernate.hql.internal.QueryTranslatorFactoryInitiator [http-bio-8080-exec-9] HHH000397: Using ASTQueryTranslatorFactory
2019-11-23 02:56:21,395 INFO com.example.sportsbetting.service.SportsBettingService [http-bio-8080-exec-3] Wager saved for player:23tth
2019-11-23 02:56:24,248 INFO com.example.sportsbetting.service.SportsBettingService [http-bio-8080-exec-7] Wager saved for player:23tth
2019-11-23 02:56:32,448 INFO com.example.sportsbetting.service.SportsBettingService [http-bio-8080-exec-3] Wager saved for player:23tth
2019-11-23 02:56:38,608 INFO com.example.sportsbetting.service.SportsBettingService [http-bio-8080-exec-7] Wager saved for player:23tth
2019-11-23 03:08:16,466 INFO org.springframework.web.servlet.FrameworkServlet [localhost-startStop-1] Initializing Servlet 'dispatcher'
2019-11-23 03:08:17,000 INFO org.springframework.data.repository.config.RepositoryConfigurationDelegate [localhost-startStop-1] Bootstrapping Spring Data repositories in DEFAULT mode.
2019-11-23 03:08:17,109 INFO org.springframework.data.repository.config.RepositoryConfigurationDelegate [localhost-startStop-1] Finished Spring Data repository scanning in 91ms. Found 7 repository interfaces.
2019-11-23 03:08:17,597 INFO org.hibernate.jpa.internal.util.LogHelper [localhost-startStop-1] HHH000204: Processing PersistenceUnitInfo [
	name: default
	...]
2019-11-23 03:08:17,737 INFO org.hibernate.Version [localhost-startStop-1] HHH000412: Hibernate Core {5.3.6.Final}
2019-11-23 03:08:17,740 INFO org.hibernate.cfg.Environment [localhost-startStop-1] HHH000206: hibernate.properties not found
2019-11-23 03:08:17,973 INFO org.hibernate.annotations.common.reflection.java.JavaReflectionManager [localhost-startStop-1] HCANN000001: Hibernate Commons Annotations {5.0.4.Final}
2019-11-23 03:08:18,448 INFO org.hibernate.dialect.Dialect [localhost-startStop-1] HHH000400: Using dialect: org.hibernate.dialect.MySQL5Dialect
2019-11-23 03:08:20,346 INFO org.hibernate.tool.schema.internal.SchemaCreatorImpl [localhost-startStop-1] HHH000476: Executing import script 'org.hibernate.tool.schema.internal.exec.ScriptSourceInputNonExistentImpl@21798843'
2019-11-23 03:08:20,360 INFO org.springframework.orm.jpa.AbstractEntityManagerFactoryBean [localhost-startStop-1] Initialized JPA EntityManagerFactory for persistence unit 'default'
2019-11-23 03:08:21,403 INFO com.example.sportsbetting.service.SportsBettingService [localhost-startStop-1] SportsBettingService is initializing.
2019-11-23 03:08:22,003 INFO org.springframework.web.servlet.FrameworkServlet [localhost-startStop-1] Completed initialization in 5530 ms
2019-11-23 03:08:52,861 INFO org.hibernate.hql.internal.QueryTranslatorFactoryInitiator [http-bio-8080-exec-9] HHH000397: Using ASTQueryTranslatorFactory
2019-11-23 03:12:04,039 INFO org.springframework.web.servlet.FrameworkServlet [localhost-startStop-1] Initializing Servlet 'dispatcher'
2019-11-23 03:12:04,664 INFO org.springframework.data.repository.config.RepositoryConfigurationDelegate [localhost-startStop-1] Bootstrapping Spring Data repositories in DEFAULT mode.
2019-11-23 03:12:04,840 INFO org.springframework.data.repository.config.RepositoryConfigurationDelegate [localhost-startStop-1] Finished Spring Data repository scanning in 146ms. Found 7 repository interfaces.
2019-11-23 03:12:05,337 INFO org.hibernate.jpa.internal.util.LogHelper [localhost-startStop-1] HHH000204: Processing PersistenceUnitInfo [
	name: default
	...]
2019-11-23 03:12:05,507 INFO org.hibernate.Version [localhost-startStop-1] HHH000412: Hibernate Core {5.3.6.Final}
2019-11-23 03:12:05,510 INFO org.hibernate.cfg.Environment [localhost-startStop-1] HHH000206: hibernate.properties not found
2019-11-23 03:12:05,783 INFO org.hibernate.annotations.common.reflection.java.JavaReflectionManager [localhost-startStop-1] HCANN000001: Hibernate Commons Annotations {5.0.4.Final}
2019-11-23 03:12:06,299 INFO org.hibernate.dialect.Dialect [localhost-startStop-1] HHH000400: Using dialect: org.hibernate.dialect.MySQL5Dialect
2019-11-23 03:12:08,146 INFO org.hibernate.tool.schema.internal.SchemaCreatorImpl [localhost-startStop-1] HHH000476: Executing import script 'org.hibernate.tool.schema.internal.exec.ScriptSourceInputNonExistentImpl@ca30274'
2019-11-23 03:12:08,168 INFO org.springframework.orm.jpa.AbstractEntityManagerFactoryBean [localhost-startStop-1] Initialized JPA EntityManagerFactory for persistence unit 'default'
2019-11-23 03:12:09,107 INFO com.example.sportsbetting.service.SportsBettingService [localhost-startStop-1] SportsBettingService is initializing.
2019-11-23 03:12:09,812 INFO org.springframework.web.servlet.FrameworkServlet [localhost-startStop-1] Completed initialization in 5768 ms
2019-11-23 03:12:29,217 INFO org.hibernate.hql.internal.QueryTranslatorFactoryInitiator [http-bio-8080-exec-5] HHH000397: Using ASTQueryTranslatorFactory
2019-11-23 03:14:58,970 INFO org.springframework.web.servlet.FrameworkServlet [localhost-startStop-1] Initializing Servlet 'dispatcher'
2019-11-23 03:14:59,583 INFO org.springframework.data.repository.config.RepositoryConfigurationDelegate [localhost-startStop-1] Bootstrapping Spring Data repositories in DEFAULT mode.
2019-11-23 03:14:59,737 INFO org.springframework.data.repository.config.RepositoryConfigurationDelegate [localhost-startStop-1] Finished Spring Data repository scanning in 131ms. Found 7 repository interfaces.
2019-11-23 03:15:00,215 INFO org.hibernate.jpa.internal.util.LogHelper [localhost-startStop-1] HHH000204: Processing PersistenceUnitInfo [
	name: default
	...]
2019-11-23 03:15:00,345 INFO org.hibernate.Version [localhost-startStop-1] HHH000412: Hibernate Core {5.3.6.Final}
2019-11-23 03:15:00,348 INFO org.hibernate.cfg.Environment [localhost-startStop-1] HHH000206: hibernate.properties not found
2019-11-23 03:15:00,595 INFO org.hibernate.annotations.common.reflection.java.JavaReflectionManager [localhost-startStop-1] HCANN000001: Hibernate Commons Annotations {5.0.4.Final}
2019-11-23 03:15:01,085 INFO org.hibernate.dialect.Dialect [localhost-startStop-1] HHH000400: Using dialect: org.hibernate.dialect.MySQL5Dialect
2019-11-23 03:15:02,883 INFO org.hibernate.tool.schema.internal.SchemaCreatorImpl [localhost-startStop-1] HHH000476: Executing import script 'org.hibernate.tool.schema.internal.exec.ScriptSourceInputNonExistentImpl@3f976620'
2019-11-23 03:15:02,902 INFO org.springframework.orm.jpa.AbstractEntityManagerFactoryBean [localhost-startStop-1] Initialized JPA EntityManagerFactory for persistence unit 'default'
2019-11-23 03:15:03,787 INFO com.example.sportsbetting.service.SportsBettingService [localhost-startStop-1] SportsBettingService is initializing.
2019-11-23 03:15:04,403 INFO org.springframework.web.servlet.FrameworkServlet [localhost-startStop-1] Completed initialization in 5427 ms
2019-11-23 03:15:08,417 ERROR org.springframework.web.servlet.tags.RequestContextAwareTag [http-bio-8080-exec-5] Neither BindingResult nor plain target object for bean name 'name' available as request attribute
java.lang.IllegalStateException: Neither BindingResult nor plain target object for bean name 'name' available as request attribute
	at org.springframework.web.servlet.support.BindStatus.<init>(BindStatus.java:153)
	at org.springframework.web.servlet.tags.form.AbstractDataBoundFormElementTag.getBindStatus(AbstractDataBoundFormElementTag.java:178)
	at org.springframework.web.servlet.tags.form.AbstractDataBoundFormElementTag.getPropertyPath(AbstractDataBoundFormElementTag.java:199)
	at org.springframework.web.servlet.tags.form.AbstractDataBoundFormElementTag.getName(AbstractDataBoundFormElementTag.java:164)
	at org.springframework.web.servlet.tags.form.AbstractDataBoundFormElementTag.autogenerateId(AbstractDataBoundFormElementTag.java:149)
	at org.springframework.web.servlet.tags.form.AbstractDataBoundFormElementTag.resolveId(AbstractDataBoundFormElementTag.java:139)
	at org.springframework.web.servlet.tags.form.AbstractDataBoundFormElementTag.writeDefaultAttributes(AbstractDataBoundFormElementTag.java:122)
	at org.springframework.web.servlet.tags.form.AbstractHtmlElementTag.writeDefaultAttributes(AbstractHtmlElementTag.java:460)
	at org.springframework.web.servlet.tags.form.InputTag.writeTagContent(InputTag.java:357)
	at org.springframework.web.servlet.tags.form.AbstractFormTag.doStartTagInternal(AbstractFormTag.java:87)
	at org.springframework.web.servlet.tags.RequestContextAwareTag.doStartTag(RequestContextAwareTag.java:83)
	at org.apache.jsp.tag.webregister_tag._jspx_meth_form_005finput_005f0(webregister_tag.java:225)
	at org.apache.jsp.tag.webregister_tag.doTag(webregister_tag.java:92)
	at org.apache.jsp.WEB_002dINF.views.register_jsp._jspx_meth_t_005fregister_005f0(register_jsp.java:110)
	at org.apache.jsp.WEB_002dINF.views.register_jsp.access$0(register_jsp.java:100)
	at org.apache.jsp.WEB_002dINF.views.register_jsp$Helper.invoke0(register_jsp.java:132)
	at org.apache.jsp.WEB_002dINF.views.register_jsp$Helper.invoke(register_jsp.java:160)
	at org.apache.jsp.tag.webgenericpage_tag.doTag(webgenericpage_tag.java:91)
	at org.apache.jsp.WEB_002dINF.views.register_jsp._jspx_meth_t_005fgenericpage_005f0(register_jsp.java:95)
	at org.apache.jsp.WEB_002dINF.views.register_jsp._jspService(register_jsp.java:71)
	at org.apache.jasper.runtime.HttpJspBase.service(HttpJspBase.java:70)
	at javax.servlet.http.HttpServlet.service(HttpServlet.java:728)
	at org.apache.jasper.servlet.JspServletWrapper.service(JspServletWrapper.java:432)
	at org.apache.jasper.servlet.JspServlet.serviceJspFile(JspServlet.java:390)
	at org.apache.jasper.servlet.JspServlet.service(JspServlet.java:334)
	at javax.servlet.http.HttpServlet.service(HttpServlet.java:728)
	at org.apache.catalina.core.ApplicationFilterChain.internalDoFilter(ApplicationFilterChain.java:305)
	at org.apache.catalina.core.ApplicationFilterChain.doFilter(ApplicationFilterChain.java:210)
	at org.apache.tomcat.websocket.server.WsFilter.doFilter(WsFilter.java:51)
	at org.apache.catalina.core.ApplicationFilterChain.internalDoFilter(ApplicationFilterChain.java:243)
	at org.apache.catalina.core.ApplicationFilterChain.doFilter(ApplicationFilterChain.java:210)
	at org.apache.catalina.core.ApplicationDispatcher.invoke(ApplicationDispatcher.java:749)
	at org.apache.catalina.core.ApplicationDispatcher.processRequest(ApplicationDispatcher.java:487)
	at org.apache.catalina.core.ApplicationDispatcher.doForward(ApplicationDispatcher.java:412)
	at org.apache.catalina.core.ApplicationDispatcher.forward(ApplicationDispatcher.java:339)
	at org.springframework.web.servlet.view.InternalResourceView.renderMergedOutputModel(InternalResourceView.java:171)
	at org.springframework.web.servlet.view.AbstractView.render(AbstractView.java:317)
	at org.springframework.web.servlet.DispatcherServlet.render(DispatcherServlet.java:1373)
	at org.springframework.web.servlet.DispatcherServlet.processDispatchResult(DispatcherServlet.java:1118)
	at org.springframework.web.servlet.DispatcherServlet.doDispatch(DispatcherServlet.java:1057)
	at org.springframework.web.servlet.DispatcherServlet.doService(DispatcherServlet.java:943)
	at org.springframework.web.servlet.FrameworkServlet.processRequest(FrameworkServlet.java:1006)
	at org.springframework.web.servlet.FrameworkServlet.doGet(FrameworkServlet.java:898)
	at javax.servlet.http.HttpServlet.service(HttpServlet.java:621)
	at org.springframework.web.servlet.FrameworkServlet.service(FrameworkServlet.java:883)
	at javax.servlet.http.HttpServlet.service(HttpServlet.java:728)
	at org.apache.catalina.core.ApplicationFilterChain.internalDoFilter(ApplicationFilterChain.java:305)
	at org.apache.catalina.core.ApplicationFilterChain.doFilter(ApplicationFilterChain.java:210)
	at org.apache.tomcat.websocket.server.WsFilter.doFilter(WsFilter.java:51)
	at org.apache.catalina.core.ApplicationFilterChain.internalDoFilter(ApplicationFilterChain.java:243)
	at org.apache.catalina.core.ApplicationFilterChain.doFilter(ApplicationFilterChain.java:210)
	at org.springframework.web.filter.HiddenHttpMethodFilter.doFilterInternal(HiddenHttpMethodFilter.java:94)
	at org.springframework.web.filter.OncePerRequestFilter.doFilter(OncePerRequestFilter.java:119)
	at org.apache.catalina.core.ApplicationFilterChain.internalDoFilter(ApplicationFilterChain.java:243)
	at org.apache.catalina.core.ApplicationFilterChain.doFilter(ApplicationFilterChain.java:210)
	at org.springframework.web.filter.CharacterEncodingFilter.doFilterInternal(CharacterEncodingFilter.java:201)
	at org.springframework.web.filter.OncePerRequestFilter.doFilter(OncePerRequestFilter.java:119)
	at org.apache.catalina.core.ApplicationFilterChain.internalDoFilter(ApplicationFilterChain.java:243)
	at org.apache.catalina.core.ApplicationFilterChain.doFilter(ApplicationFilterChain.java:210)
	at org.apache.catalina.core.StandardWrapperValve.invoke(StandardWrapperValve.java:222)
	at org.apache.catalina.core.StandardContextValve.invoke(StandardContextValve.java:123)
	at org.apache.catalina.authenticator.AuthenticatorBase.invoke(AuthenticatorBase.java:502)
	at org.apache.catalina.core.StandardHostValve.invoke(StandardHostValve.java:171)
	at org.apache.catalina.valves.ErrorReportValve.invoke(ErrorReportValve.java:100)
	at org.apache.catalina.valves.AccessLogValve.invoke(AccessLogValve.java:953)
	at org.apache.catalina.core.StandardEngineValve.invoke(StandardEngineValve.java:118)
	at org.apache.catalina.connector.CoyoteAdapter.service(CoyoteAdapter.java:408)
	at org.apache.coyote.http11.AbstractHttp11Processor.process(AbstractHttp11Processor.java:1041)
	at org.apache.coyote.AbstractProtocol$AbstractConnectionHandler.process(AbstractProtocol.java:603)
	at org.apache.tomcat.util.net.JIoEndpoint$SocketProcessor.run(JIoEndpoint.java:310)
	at java.util.concurrent.ThreadPoolExecutor.runWorker(ThreadPoolExecutor.java:1149)
	at java.util.concurrent.ThreadPoolExecutor$Worker.run(ThreadPoolExecutor.java:624)
	at java.lang.Thread.run(Thread.java:748)
2019-11-23 03:19:13,361 INFO org.springframework.web.servlet.FrameworkServlet [localhost-startStop-1] Initializing Servlet 'dispatcher'
2019-11-23 03:19:13,954 INFO org.springframework.data.repository.config.RepositoryConfigurationDelegate [localhost-startStop-1] Bootstrapping Spring Data repositories in DEFAULT mode.
2019-11-23 03:19:14,120 INFO org.springframework.data.repository.config.RepositoryConfigurationDelegate [localhost-startStop-1] Finished Spring Data repository scanning in 139ms. Found 7 repository interfaces.
2019-11-23 03:19:14,599 INFO org.hibernate.jpa.internal.util.LogHelper [localhost-startStop-1] HHH000204: Processing PersistenceUnitInfo [
	name: default
	...]
2019-11-23 03:19:14,724 INFO org.hibernate.Version [localhost-startStop-1] HHH000412: Hibernate Core {5.3.6.Final}
2019-11-23 03:19:14,728 INFO org.hibernate.cfg.Environment [localhost-startStop-1] HHH000206: hibernate.properties not found
2019-11-23 03:19:14,974 INFO org.hibernate.annotations.common.reflection.java.JavaReflectionManager [localhost-startStop-1] HCANN000001: Hibernate Commons Annotations {5.0.4.Final}
2019-11-23 03:19:15,448 INFO org.hibernate.dialect.Dialect [localhost-startStop-1] HHH000400: Using dialect: org.hibernate.dialect.MySQL5Dialect
2019-11-23 03:19:17,278 INFO org.hibernate.tool.schema.internal.SchemaCreatorImpl [localhost-startStop-1] HHH000476: Executing import script 'org.hibernate.tool.schema.internal.exec.ScriptSourceInputNonExistentImpl@1c6d5eeb'
2019-11-23 03:19:17,298 INFO org.springframework.orm.jpa.AbstractEntityManagerFactoryBean [localhost-startStop-1] Initialized JPA EntityManagerFactory for persistence unit 'default'
2019-11-23 03:19:18,238 INFO com.example.sportsbetting.service.SportsBettingService [localhost-startStop-1] SportsBettingService is initializing.
2019-11-23 03:19:18,889 INFO org.springframework.web.servlet.FrameworkServlet [localhost-startStop-1] Completed initialization in 5523 ms
2019-11-23 03:19:52,763 INFO org.springframework.web.servlet.FrameworkServlet [localhost-startStop-1] Initializing Servlet 'dispatcher'
2019-11-23 03:19:53,291 INFO org.springframework.data.repository.config.RepositoryConfigurationDelegate [localhost-startStop-1] Bootstrapping Spring Data repositories in DEFAULT mode.
2019-11-23 03:19:53,442 INFO org.springframework.data.repository.config.RepositoryConfigurationDelegate [localhost-startStop-1] Finished Spring Data repository scanning in 130ms. Found 7 repository interfaces.
2019-11-23 03:19:53,934 INFO org.hibernate.jpa.internal.util.LogHelper [localhost-startStop-1] HHH000204: Processing PersistenceUnitInfo [
	name: default
	...]
2019-11-23 03:19:54,075 INFO org.hibernate.Version [localhost-startStop-1] HHH000412: Hibernate Core {5.3.6.Final}
2019-11-23 03:19:54,078 INFO org.hibernate.cfg.Environment [localhost-startStop-1] HHH000206: hibernate.properties not found
2019-11-23 03:19:54,318 INFO org.hibernate.annotations.common.reflection.java.JavaReflectionManager [localhost-startStop-1] HCANN000001: Hibernate Commons Annotations {5.0.4.Final}
2019-11-23 03:19:54,807 INFO org.hibernate.dialect.Dialect [localhost-startStop-1] HHH000400: Using dialect: org.hibernate.dialect.MySQL5Dialect
2019-11-23 03:19:56,682 INFO org.hibernate.tool.schema.internal.SchemaCreatorImpl [localhost-startStop-1] HHH000476: Executing import script 'org.hibernate.tool.schema.internal.exec.ScriptSourceInputNonExistentImpl@61c8638b'
2019-11-23 03:19:56,700 INFO org.springframework.orm.jpa.AbstractEntityManagerFactoryBean [localhost-startStop-1] Initialized JPA EntityManagerFactory for persistence unit 'default'
2019-11-23 03:19:57,616 INFO com.example.sportsbetting.service.SportsBettingService [localhost-startStop-1] SportsBettingService is initializing.
2019-11-23 03:19:58,250 INFO org.springframework.web.servlet.FrameworkServlet [localhost-startStop-1] Completed initialization in 5482 ms
2019-11-23 03:20:46,273 INFO org.hibernate.hql.internal.QueryTranslatorFactoryInitiator [http-bio-8080-exec-5] HHH000397: Using ASTQueryTranslatorFactory
2019-11-23 03:24:03,208 INFO org.springframework.web.servlet.FrameworkServlet [localhost-startStop-1] Initializing Servlet 'dispatcher'
2019-11-23 03:24:03,813 INFO org.springframework.data.repository.config.RepositoryConfigurationDelegate [localhost-startStop-1] Bootstrapping Spring Data repositories in DEFAULT mode.
2019-11-23 03:24:03,970 INFO org.springframework.data.repository.config.RepositoryConfigurationDelegate [localhost-startStop-1] Finished Spring Data repository scanning in 134ms. Found 7 repository interfaces.
2019-11-23 03:24:04,564 INFO org.hibernate.jpa.internal.util.LogHelper [localhost-startStop-1] HHH000204: Processing PersistenceUnitInfo [
	name: default
	...]
2019-11-23 03:24:04,732 INFO org.hibernate.Version [localhost-startStop-1] HHH000412: Hibernate Core {5.3.6.Final}
2019-11-23 03:24:04,735 INFO org.hibernate.cfg.Environment [localhost-startStop-1] HHH000206: hibernate.properties not found
2019-11-23 03:24:04,993 INFO org.hibernate.annotations.common.reflection.java.JavaReflectionManager [localhost-startStop-1] HCANN000001: Hibernate Commons Annotations {5.0.4.Final}
2019-11-23 03:24:05,461 INFO org.hibernate.dialect.Dialect [localhost-startStop-1] HHH000400: Using dialect: org.hibernate.dialect.MySQL5Dialect
2019-11-23 03:24:07,315 INFO org.hibernate.tool.schema.internal.SchemaCreatorImpl [localhost-startStop-1] HHH000476: Executing import script 'org.hibernate.tool.schema.internal.exec.ScriptSourceInputNonExistentImpl@64ba2f7'
2019-11-23 03:24:07,333 INFO org.springframework.orm.jpa.AbstractEntityManagerFactoryBean [localhost-startStop-1] Initialized JPA EntityManagerFactory for persistence unit 'default'
2019-11-23 03:24:08,279 INFO com.example.sportsbetting.service.SportsBettingService [localhost-startStop-1] SportsBettingService is initializing.
2019-11-23 03:24:43,675 INFO org.springframework.web.servlet.FrameworkServlet [localhost-startStop-1] Initializing Servlet 'dispatcher'
2019-11-23 03:24:44,222 INFO org.springframework.data.repository.config.RepositoryConfigurationDelegate [localhost-startStop-1] Bootstrapping Spring Data repositories in DEFAULT mode.
2019-11-23 03:24:44,373 INFO org.springframework.data.repository.config.RepositoryConfigurationDelegate [localhost-startStop-1] Finished Spring Data repository scanning in 129ms. Found 7 repository interfaces.
2019-11-23 03:24:44,865 INFO org.hibernate.jpa.internal.util.LogHelper [localhost-startStop-1] HHH000204: Processing PersistenceUnitInfo [
	name: default
	...]
2019-11-23 03:24:44,991 INFO org.hibernate.Version [localhost-startStop-1] HHH000412: Hibernate Core {5.3.6.Final}
2019-11-23 03:24:44,994 INFO org.hibernate.cfg.Environment [localhost-startStop-1] HHH000206: hibernate.properties not found
2019-11-23 03:24:45,238 INFO org.hibernate.annotations.common.reflection.java.JavaReflectionManager [localhost-startStop-1] HCANN000001: Hibernate Commons Annotations {5.0.4.Final}
2019-11-23 03:24:45,717 INFO org.hibernate.dialect.Dialect [localhost-startStop-1] HHH000400: Using dialect: org.hibernate.dialect.MySQL5Dialect
2019-11-23 03:24:47,539 INFO org.hibernate.tool.schema.internal.SchemaCreatorImpl [localhost-startStop-1] HHH000476: Executing import script 'org.hibernate.tool.schema.internal.exec.ScriptSourceInputNonExistentImpl@3738bfb5'
2019-11-23 03:24:47,558 INFO org.springframework.orm.jpa.AbstractEntityManagerFactoryBean [localhost-startStop-1] Initialized JPA EntityManagerFactory for persistence unit 'default'
2019-11-23 03:24:48,497 INFO com.example.sportsbetting.service.SportsBettingService [localhost-startStop-1] SportsBettingService is initializing.
2019-11-23 03:24:49,122 INFO org.springframework.web.servlet.FrameworkServlet [localhost-startStop-1] Completed initialization in 5443 ms
2019-11-23 03:28:55,009 INFO org.hibernate.hql.internal.QueryTranslatorFactoryInitiator [http-bio-8080-exec-9] HHH000397: Using ASTQueryTranslatorFactory
2019-11-23 03:29:10,542 INFO com.example.sportsbetting.service.SportsBettingService [http-bio-8080-exec-7] Wager saving threw NotEnoughBalanceException for player: awdawd
2019-11-23 03:29:12,404 INFO com.example.sportsbetting.service.SportsBettingService [http-bio-8080-exec-8] Wager saved for player:awdawd
2019-11-23 03:29:38,219 INFO com.example.sportsbetting.service.SportsBettingService [http-bio-8080-exec-7] Wager saved for player:awdawd
2019-11-23 03:29:42,178 INFO com.example.sportsbetting.service.SportsBettingService [http-bio-8080-exec-10] Wager saved for player:awdawd
2019-11-23 03:29:46,697 INFO com.example.sportsbetting.service.SportsBettingService [http-bio-8080-exec-8] Wager saved for player:awdawd
2019-11-23 03:29:59,013 INFO com.example.sportsbetting.service.SportsBettingService [http-bio-8080-exec-9] Wager saved for player:awdawd
2019-11-23 03:30:04,185 INFO com.example.sportsbetting.service.SportsBettingService [http-bio-8080-exec-12] Wager saved for player:awdawd
2019-11-23 03:30:17,930 INFO com.example.sportsbetting.service.SportsBettingService [http-bio-8080-exec-11] Wager saved for player:awdawd
2019-11-23 03:30:23,248 INFO com.example.sportsbetting.service.SportsBettingService [http-bio-8080-exec-19] Wager saved for player:awdawd
2019-11-23 03:30:41,606 WARN org.springframework.web.servlet.handler.AbstractHandlerExceptionResolver [http-bio-8080-exec-6] Resolved [org.springframework.web.method.annotation.MethodArgumentTypeMismatchException: Failed to convert value of type 'java.lang.String' to required type 'java.lang.Integer'; nested exception is java.lang.NumberFormatException: For input string: "we8e"]
2019-11-23 03:30:53,470 WARN org.springframework.web.servlet.handler.AbstractHandlerExceptionResolver [http-bio-8080-exec-25] Resolved [org.springframework.web.method.annotation.MethodArgumentTypeMismatchException: Failed to convert value of type 'java.lang.String' to required type 'java.lang.Integer'; nested exception is java.lang.NumberFormatException: For input string: "wel"]
2019-11-23 03:30:57,231 WARN org.springframework.web.servlet.handler.AbstractHandlerExceptionResolver [http-bio-8080-exec-26] Resolved [org.springframework.web.method.annotation.MethodArgumentTypeMismatchException: Failed to convert value of type 'java.lang.String' to required type 'java.lang.Integer'; nested exception is java.lang.NumberFormatException: For input string: "ct67t67"]
2019-11-23 04:20:26,680 INFO org.springframework.web.servlet.FrameworkServlet [localhost-startStop-1] Initializing Servlet 'dispatcher'
2019-11-23 04:20:27,211 INFO org.springframework.data.repository.config.RepositoryConfigurationDelegate [localhost-startStop-1] Bootstrapping Spring Data repositories in DEFAULT mode.
2019-11-23 04:20:27,327 INFO org.springframework.data.repository.config.RepositoryConfigurationDelegate [localhost-startStop-1] Finished Spring Data repository scanning in 97ms. Found 7 repository interfaces.
2019-11-23 04:20:27,805 INFO org.hibernate.jpa.internal.util.LogHelper [localhost-startStop-1] HHH000204: Processing PersistenceUnitInfo [
	name: default
	...]
2019-11-23 04:20:27,959 INFO org.hibernate.Version [localhost-startStop-1] HHH000412: Hibernate Core {5.3.6.Final}
2019-11-23 04:20:27,962 INFO org.hibernate.cfg.Environment [localhost-startStop-1] HHH000206: hibernate.properties not found
2019-11-23 04:20:28,222 INFO org.hibernate.annotations.common.reflection.java.JavaReflectionManager [localhost-startStop-1] HCANN000001: Hibernate Commons Annotations {5.0.4.Final}
2019-11-23 04:20:28,705 INFO org.hibernate.dialect.Dialect [localhost-startStop-1] HHH000400: Using dialect: org.hibernate.dialect.MySQL5Dialect
2019-11-23 04:20:30,699 INFO org.hibernate.tool.schema.internal.SchemaCreatorImpl [localhost-startStop-1] HHH000476: Executing import script 'org.hibernate.tool.schema.internal.exec.ScriptSourceInputNonExistentImpl@6e3f4553'
2019-11-23 04:20:30,715 INFO org.springframework.orm.jpa.AbstractEntityManagerFactoryBean [localhost-startStop-1] Initialized JPA EntityManagerFactory for persistence unit 'default'
2019-11-23 04:20:31,533 INFO com.example.sportsbetting.service.SportsBettingService [localhost-startStop-1] SportsBettingService is initializing.
2019-11-23 04:20:32,098 INFO org.springframework.web.servlet.FrameworkServlet [localhost-startStop-1] Completed initialization in 5414 ms
2019-11-23 04:20:40,398 WARN org.springframework.web.servlet.DispatcherServlet [http-bio-8080-exec-5] No mapping for GET /favicon.ico
2019-11-23 04:21:13,467 INFO org.hibernate.hql.internal.QueryTranslatorFactoryInitiator [http-bio-8080-exec-9] HHH000397: Using ASTQueryTranslatorFactory
2019-11-23 04:21:44,037 INFO com.example.sportsbetting.service.SportsBettingService [http-bio-8080-exec-6] Wager saved for player:Bence Róth
2019-11-23 04:21:47,054 INFO com.example.sportsbetting.service.SportsBettingService [http-bio-8080-exec-8] Wager saved for player:Bence Róth
2019-11-23 04:21:52,203 INFO com.example.sportsbetting.service.SportsBettingService [http-bio-8080-exec-3] Wager saved for player:Bence Róth
2019-11-23 04:21:56,497 INFO com.example.sportsbetting.service.SportsBettingService [http-bio-8080-exec-8] Wager saved for player:Bence Róth
2019-11-23 04:22:00,739 INFO com.example.sportsbetting.service.SportsBettingService [http-bio-8080-exec-3] Wager saved for player:Bence Róth
